  [1m[36m (1.2ms)[0m  [1mCREATE TABLE "schema_migrations" ("version" varchar NOT NULL) [0m
  [1m[35m (0.4ms)[0m  select sqlite_version(*)
  [1m[36m (1.3ms)[0m  [1mCREATE UNIQUE INDEX "unique_schema_migrations" ON "schema_migrations" ("version")[0m
  [1m[35mActiveRecord::SchemaMigration Load (0.1ms)[0m  SELECT "schema_migrations".* FROM "schema_migrations"
Migrating to DeviseCreateUsers (20170907081811)
  [1m[36m (0.1ms)[0m  [1mbegin transaction[0m
  [1m[35m (0.5ms)[0m  CREATE TABLE "users" ("id" INTEGER PRIMARY KEY AUTOINCREMENT NOT NULL, "email" varchar DEFAULT '' NOT NULL, "encrypted_password" varchar DEFAULT '' NOT NULL, "reset_password_token" varchar, "reset_password_sent_at" datetime, "remember_created_at" datetime, "sign_in_count" integer DEFAULT 0 NOT NULL, "current_sign_in_at" datetime, "last_sign_in_at" datetime, "current_sign_in_ip" varchar, "last_sign_in_ip" varchar, "confirmation_token" varchar, "confirmed_at" datetime, "confirmation_sent_at" datetime, "unconfirmed_email" varchar, "created_at" datetime NOT NULL, "updated_at" datetime NOT NULL) 
  [1m[36m (0.1ms)[0m  [1mCREATE UNIQUE INDEX "index_users_on_email" ON "users" ("email")[0m
  [1m[35m (0.1ms)[0m              SELECT sql
            FROM sqlite_master
            WHERE name='index_users_on_email' AND type='index'
            UNION ALL
            SELECT sql
            FROM sqlite_temp_master
            WHERE name='index_users_on_email' AND type='index'

  [1m[36m (0.1ms)[0m  [1mCREATE UNIQUE INDEX "index_users_on_reset_password_token" ON "users" ("reset_password_token")[0m
  [1m[35m (0.1ms)[0m              SELECT sql
            FROM sqlite_master
            WHERE name='index_users_on_reset_password_token' AND type='index'
            UNION ALL
            SELECT sql
            FROM sqlite_temp_master
            WHERE name='index_users_on_reset_password_token' AND type='index'

  [1m[36m (0.0ms)[0m  [1m            SELECT sql
            FROM sqlite_master
            WHERE name='index_users_on_email' AND type='index'
            UNION ALL
            SELECT sql
            FROM sqlite_temp_master
            WHERE name='index_users_on_email' AND type='index'
[0m
  [1m[35m (0.1ms)[0m  CREATE UNIQUE INDEX "index_users_on_confirmation_token" ON "users" ("confirmation_token")
  [1m[36mSQL (0.2ms)[0m  [1mINSERT INTO "schema_migrations" ("version") VALUES (?)[0m  [["version", "20170907081811"]]
  [1m[35m (1.0ms)[0m  commit transaction
  [1m[36mActiveRecord::SchemaMigration Load (0.1ms)[0m  [1mSELECT "schema_migrations".* FROM "schema_migrations"[0m
  [1m[35m (0.1ms)[0m              SELECT sql
            FROM sqlite_master
            WHERE name='index_users_on_confirmation_token' AND type='index'
            UNION ALL
            SELECT sql
            FROM sqlite_temp_master
            WHERE name='index_users_on_confirmation_token' AND type='index'

  [1m[36m (0.1ms)[0m  [1m            SELECT sql
            FROM sqlite_master
            WHERE name='index_users_on_reset_password_token' AND type='index'
            UNION ALL
            SELECT sql
            FROM sqlite_temp_master
            WHERE name='index_users_on_reset_password_token' AND type='index'
[0m
  [1m[35m (0.1ms)[0m              SELECT sql
            FROM sqlite_master
            WHERE name='index_users_on_email' AND type='index'
            UNION ALL
            SELECT sql
            FROM sqlite_temp_master
            WHERE name='index_users_on_email' AND type='index'



Started GET "/" for ::1 at 2017-09-07 12:40:44 +0300
  [1m[36mActiveRecord::SchemaMigration Load (0.6ms)[0m  [1mSELECT "schema_migrations".* FROM "schema_migrations"[0m

ActionController::RoutingError (uninitialized constant HomeController):
  activesupport (4.2.5) lib/active_support/inflector/methods.rb:261:in `const_get'
  activesupport (4.2.5) lib/active_support/inflector/methods.rb:261:in `block in constantize'
  activesupport (4.2.5) lib/active_support/inflector/methods.rb:259:in `each'
  activesupport (4.2.5) lib/active_support/inflector/methods.rb:259:in `inject'
  activesupport (4.2.5) lib/active_support/inflector/methods.rb:259:in `constantize'
  actionpack (4.2.5) lib/action_dispatch/routing/route_set.rb:72:in `controller_reference'
  actionpack (4.2.5) lib/action_dispatch/routing/route_set.rb:62:in `controller'
  actionpack (4.2.5) lib/action_dispatch/routing/route_set.rb:41:in `serve'
  actionpack (4.2.5) lib/action_dispatch/journey/router.rb:43:in `block in serve'
  actionpack (4.2.5) lib/action_dispatch/journey/router.rb:30:in `each'
  actionpack (4.2.5) lib/action_dispatch/journey/router.rb:30:in `serve'
  actionpack (4.2.5) lib/action_dispatch/routing/route_set.rb:817:in `call'
  warden (1.2.7) lib/warden/manager.rb:36:in `block in call'
  warden (1.2.7) lib/warden/manager.rb:35:in `catch'
  warden (1.2.7) lib/warden/manager.rb:35:in `call'
  rack (1.6.8) lib/rack/etag.rb:24:in `call'
  rack (1.6.8) lib/rack/conditionalget.rb:25:in `call'
  rack (1.6.8) lib/rack/head.rb:13:in `call'
  actionpack (4.2.5) lib/action_dispatch/middleware/params_parser.rb:27:in `call'
  actionpack (4.2.5) lib/action_dispatch/middleware/flash.rb:260:in `call'
  rack (1.6.8) lib/rack/session/abstract/id.rb:225:in `context'
  rack (1.6.8) lib/rack/session/abstract/id.rb:220:in `call'
  actionpack (4.2.5) lib/action_dispatch/middleware/cookies.rb:560:in `call'
  activerecord (4.2.5) lib/active_record/query_cache.rb:36:in `call'
  activerecord (4.2.5) lib/active_record/connection_adapters/abstract/connection_pool.rb:653:in `call'
  activerecord (4.2.5) lib/active_record/migration.rb:377:in `call'
  actionpack (4.2.5) lib/action_dispatch/middleware/callbacks.rb:29:in `block in call'
  activesupport (4.2.5) lib/active_support/callbacks.rb:88:in `__run_callbacks__'
  activesupport (4.2.5) lib/active_support/callbacks.rb:778:in `_run_call_callbacks'
  activesupport (4.2.5) lib/active_support/callbacks.rb:81:in `run_callbacks'
  actionpack (4.2.5) lib/action_dispatch/middleware/callbacks.rb:27:in `call'
  actionpack (4.2.5) lib/action_dispatch/middleware/reloader.rb:73:in `call'
  actionpack (4.2.5) lib/action_dispatch/middleware/remote_ip.rb:78:in `call'
  actionpack (4.2.5) lib/action_dispatch/middleware/debug_exceptions.rb:17:in `call'
  web-console (2.3.0) lib/web_console/middleware.rb:28:in `block in call'
  web-console (2.3.0) lib/web_console/middleware.rb:18:in `catch'
  web-console (2.3.0) lib/web_console/middleware.rb:18:in `call'
  actionpack (4.2.5) lib/action_dispatch/middleware/show_exceptions.rb:30:in `call'
  railties (4.2.5) lib/rails/rack/logger.rb:38:in `call_app'
  railties (4.2.5) lib/rails/rack/logger.rb:20:in `block in call'
  activesupport (4.2.5) lib/active_support/tagged_logging.rb:68:in `block in tagged'
  activesupport (4.2.5) lib/active_support/tagged_logging.rb:26:in `tagged'
  activesupport (4.2.5) lib/active_support/tagged_logging.rb:68:in `tagged'
  railties (4.2.5) lib/rails/rack/logger.rb:20:in `call'
  actionpack (4.2.5) lib/action_dispatch/middleware/request_id.rb:21:in `call'
  rack (1.6.8) lib/rack/methodoverride.rb:22:in `call'
  rack (1.6.8) lib/rack/runtime.rb:18:in `call'
  activesupport (4.2.5) lib/active_support/cache/strategy/local_cache_middleware.rb:28:in `call'
  rack (1.6.8) lib/rack/lock.rb:17:in `call'
  actionpack (4.2.5) lib/action_dispatch/middleware/static.rb:116:in `call'
  rack (1.6.8) lib/rack/sendfile.rb:113:in `call'
  railties (4.2.5) lib/rails/engine.rb:518:in `call'
  railties (4.2.5) lib/rails/application.rb:165:in `call'
  rack (1.6.8) lib/rack/lock.rb:17:in `call'
  rack (1.6.8) lib/rack/content_length.rb:15:in `call'
  rack (1.6.8) lib/rack/handler/webrick.rb:88:in `service'
  /Users/saraesrig/.rvm/rubies/ruby-2.2.0/lib/ruby/2.2.0/webrick/httpserver.rb:138:in `service'
  /Users/saraesrig/.rvm/rubies/ruby-2.2.0/lib/ruby/2.2.0/webrick/httpserver.rb:94:in `run'
  /Users/saraesrig/.rvm/rubies/ruby-2.2.0/lib/ruby/2.2.0/webrick/server.rb:294:in `block in start_thread'


  Rendered /Users/saraesrig/.rvm/gems/ruby-2.2.0/gems/actionpack-4.2.5/lib/action_dispatch/middleware/templates/rescues/_trace.html.erb (1.9ms)
  Rendered /Users/saraesrig/.rvm/gems/ruby-2.2.0/gems/actionpack-4.2.5/lib/action_dispatch/middleware/templates/routes/_route.html.erb (1.3ms)
  Rendered /Users/saraesrig/.rvm/gems/ruby-2.2.0/gems/actionpack-4.2.5/lib/action_dispatch/middleware/templates/routes/_table.html.erb (9.0ms)
  Rendered /Users/saraesrig/.rvm/gems/ruby-2.2.0/gems/actionpack-4.2.5/lib/action_dispatch/middleware/templates/rescues/_request_and_response.html.erb (11.2ms)
  Rendered /Users/saraesrig/.rvm/gems/ruby-2.2.0/gems/actionpack-4.2.5/lib/action_dispatch/middleware/templates/rescues/routing_error.html.erb within rescues/layout (109.3ms)
  Rendered /Users/saraesrig/.rvm/gems/ruby-2.2.0/gems/web-console-2.3.0/lib/web_console/templates/_markup.html.erb (0.7ms)
  Rendered /Users/saraesrig/.rvm/gems/ruby-2.2.0/gems/web-console-2.3.0/lib/web_console/templates/_inner_console_markup.html.erb within layouts/inlined_string (0.3ms)
  Rendered /Users/saraesrig/.rvm/gems/ruby-2.2.0/gems/web-console-2.3.0/lib/web_console/templates/_prompt_box_markup.html.erb within layouts/inlined_string (0.4ms)
  Rendered /Users/saraesrig/.rvm/gems/ruby-2.2.0/gems/web-console-2.3.0/lib/web_console/templates/style.css.erb within layouts/inlined_string (0.4ms)
  Rendered /Users/saraesrig/.rvm/gems/ruby-2.2.0/gems/web-console-2.3.0/lib/web_console/templates/console.js.erb within layouts/javascript (57.1ms)
  Rendered /Users/saraesrig/.rvm/gems/ruby-2.2.0/gems/web-console-2.3.0/lib/web_console/templates/main.js.erb within layouts/javascript (0.3ms)
  Rendered /Users/saraesrig/.rvm/gems/ruby-2.2.0/gems/web-console-2.3.0/lib/web_console/templates/error_page.js.erb within layouts/javascript (0.4ms)
  Rendered /Users/saraesrig/.rvm/gems/ruby-2.2.0/gems/web-console-2.3.0/lib/web_console/templates/index.html.erb (119.0ms)


Started GET "/" for ::1 at 2017-09-07 12:48:35 +0300
Processing by HomeController#index as HTML
Completed 500 Internal Server Error in 26ms (ActiveRecord: 0.0ms)

ActionView::MissingTemplate (Missing template home/index, application/index with {:locale=>[:en], :formats=>[:html], :variants=>[], :handlers=>[:erb, :builder, :raw, :ruby, :coffee]}. Searched in:
  * "/Users/saraesrig/bloc/blocitoff/app/views"
  * "/Users/saraesrig/.rvm/gems/ruby-2.2.0/gems/devise-4.3.0/app/views"
):
  actionview (4.2.5) lib/action_view/path_set.rb:46:in `find'
  actionview (4.2.5) lib/action_view/lookup_context.rb:121:in `find'
  actionview (4.2.5) lib/action_view/renderer/abstract_renderer.rb:18:in `find_template'
  actionview (4.2.5) lib/action_view/renderer/template_renderer.rb:40:in `determine_template'
  actionview (4.2.5) lib/action_view/renderer/template_renderer.rb:8:in `render'
  actionview (4.2.5) lib/action_view/renderer/renderer.rb:42:in `render_template'
  actionview (4.2.5) lib/action_view/renderer/renderer.rb:23:in `render'
  actionview (4.2.5) lib/action_view/rendering.rb:100:in `_render_template'
  actionpack (4.2.5) lib/action_controller/metal/streaming.rb:217:in `_render_template'
  actionview (4.2.5) lib/action_view/rendering.rb:83:in `render_to_body'
  actionpack (4.2.5) lib/action_controller/metal/rendering.rb:32:in `render_to_body'
  actionpack (4.2.5) lib/action_controller/metal/renderers.rb:37:in `render_to_body'
  actionpack (4.2.5) lib/abstract_controller/rendering.rb:25:in `render'
  actionpack (4.2.5) lib/action_controller/metal/rendering.rb:16:in `render'
  actionpack (4.2.5) lib/action_controller/metal/instrumentation.rb:44:in `block (2 levels) in render'
  activesupport (4.2.5) lib/active_support/core_ext/benchmark.rb:12:in `block in ms'
  /Users/saraesrig/.rvm/rubies/ruby-2.2.0/lib/ruby/2.2.0/benchmark.rb:303:in `realtime'
  activesupport (4.2.5) lib/active_support/core_ext/benchmark.rb:12:in `ms'
  actionpack (4.2.5) lib/action_controller/metal/instrumentation.rb:44:in `block in render'
  actionpack (4.2.5) lib/action_controller/metal/instrumentation.rb:87:in `cleanup_view_runtime'
  activerecord (4.2.5) lib/active_record/railties/controller_runtime.rb:25:in `cleanup_view_runtime'
  actionpack (4.2.5) lib/action_controller/metal/instrumentation.rb:43:in `render'
  actionpack (4.2.5) lib/action_controller/metal/implicit_render.rb:10:in `default_render'
  actionpack (4.2.5) lib/action_controller/metal/implicit_render.rb:5:in `send_action'
  actionpack (4.2.5) lib/abstract_controller/base.rb:198:in `process_action'
  actionpack (4.2.5) lib/action_controller/metal/rendering.rb:10:in `process_action'
  actionpack (4.2.5) lib/abstract_controller/callbacks.rb:20:in `block in process_action'
  activesupport (4.2.5) lib/active_support/callbacks.rb:117:in `call'
  activesupport (4.2.5) lib/active_support/callbacks.rb:117:in `call'
  activesupport (4.2.5) lib/active_support/callbacks.rb:555:in `block (2 levels) in compile'
  activesupport (4.2.5) lib/active_support/callbacks.rb:505:in `call'
  activesupport (4.2.5) lib/active_support/callbacks.rb:505:in `call'
  activesupport (4.2.5) lib/active_support/callbacks.rb:92:in `__run_callbacks__'
  activesupport (4.2.5) lib/active_support/callbacks.rb:778:in `_run_process_action_callbacks'
  activesupport (4.2.5) lib/active_support/callbacks.rb:81:in `run_callbacks'
  actionpack (4.2.5) lib/abstract_controller/callbacks.rb:19:in `process_action'
  actionpack (4.2.5) lib/action_controller/metal/rescue.rb:29:in `process_action'
  actionpack (4.2.5) lib/action_controller/metal/instrumentation.rb:32:in `block in process_action'
  activesupport (4.2.5) lib/active_support/notifications.rb:164:in `block in instrument'
  activesupport (4.2.5) lib/active_support/notifications/instrumenter.rb:20:in `instrument'
  activesupport (4.2.5) lib/active_support/notifications.rb:164:in `instrument'
  actionpack (4.2.5) lib/action_controller/metal/instrumentation.rb:30:in `process_action'
  actionpack (4.2.5) lib/action_controller/metal/params_wrapper.rb:250:in `process_action'
  activerecord (4.2.5) lib/active_record/railties/controller_runtime.rb:18:in `process_action'
  actionpack (4.2.5) lib/abstract_controller/base.rb:137:in `process'
  actionview (4.2.5) lib/action_view/rendering.rb:30:in `process'
  actionpack (4.2.5) lib/action_controller/metal.rb:196:in `dispatch'
  actionpack (4.2.5) lib/action_controller/metal/rack_delegation.rb:13:in `dispatch'
  actionpack (4.2.5) lib/action_controller/metal.rb:237:in `block in action'
  actionpack (4.2.5) lib/action_dispatch/routing/route_set.rb:76:in `call'
  actionpack (4.2.5) lib/action_dispatch/routing/route_set.rb:76:in `dispatch'
  actionpack (4.2.5) lib/action_dispatch/routing/route_set.rb:45:in `serve'
  actionpack (4.2.5) lib/action_dispatch/journey/router.rb:43:in `block in serve'
  actionpack (4.2.5) lib/action_dispatch/journey/router.rb:30:in `each'
  actionpack (4.2.5) lib/action_dispatch/journey/router.rb:30:in `serve'
  actionpack (4.2.5) lib/action_dispatch/routing/route_set.rb:817:in `call'
  warden (1.2.7) lib/warden/manager.rb:36:in `block in call'
  warden (1.2.7) lib/warden/manager.rb:35:in `catch'
  warden (1.2.7) lib/warden/manager.rb:35:in `call'
  rack (1.6.8) lib/rack/etag.rb:24:in `call'
  rack (1.6.8) lib/rack/conditionalget.rb:25:in `call'
  rack (1.6.8) lib/rack/head.rb:13:in `call'
  actionpack (4.2.5) lib/action_dispatch/middleware/params_parser.rb:27:in `call'
  actionpack (4.2.5) lib/action_dispatch/middleware/flash.rb:260:in `call'
  rack (1.6.8) lib/rack/session/abstract/id.rb:225:in `context'
  rack (1.6.8) lib/rack/session/abstract/id.rb:220:in `call'
  actionpack (4.2.5) lib/action_dispatch/middleware/cookies.rb:560:in `call'
  activerecord (4.2.5) lib/active_record/query_cache.rb:36:in `call'
  activerecord (4.2.5) lib/active_record/connection_adapters/abstract/connection_pool.rb:653:in `call'
  activerecord (4.2.5) lib/active_record/migration.rb:377:in `call'
  actionpack (4.2.5) lib/action_dispatch/middleware/callbacks.rb:29:in `block in call'
  activesupport (4.2.5) lib/active_support/callbacks.rb:88:in `__run_callbacks__'
  activesupport (4.2.5) lib/active_support/callbacks.rb:778:in `_run_call_callbacks'
  activesupport (4.2.5) lib/active_support/callbacks.rb:81:in `run_callbacks'
  actionpack (4.2.5) lib/action_dispatch/middleware/callbacks.rb:27:in `call'
  actionpack (4.2.5) lib/action_dispatch/middleware/reloader.rb:73:in `call'
  actionpack (4.2.5) lib/action_dispatch/middleware/remote_ip.rb:78:in `call'
  actionpack (4.2.5) lib/action_dispatch/middleware/debug_exceptions.rb:17:in `call'
  web-console (2.3.0) lib/web_console/middleware.rb:28:in `block in call'
  web-console (2.3.0) lib/web_console/middleware.rb:18:in `catch'
  web-console (2.3.0) lib/web_console/middleware.rb:18:in `call'
  actionpack (4.2.5) lib/action_dispatch/middleware/show_exceptions.rb:30:in `call'
  railties (4.2.5) lib/rails/rack/logger.rb:38:in `call_app'
  railties (4.2.5) lib/rails/rack/logger.rb:20:in `block in call'
  activesupport (4.2.5) lib/active_support/tagged_logging.rb:68:in `block in tagged'
  activesupport (4.2.5) lib/active_support/tagged_logging.rb:26:in `tagged'
  activesupport (4.2.5) lib/active_support/tagged_logging.rb:68:in `tagged'
  railties (4.2.5) lib/rails/rack/logger.rb:20:in `call'
  actionpack (4.2.5) lib/action_dispatch/middleware/request_id.rb:21:in `call'
  rack (1.6.8) lib/rack/methodoverride.rb:22:in `call'
  rack (1.6.8) lib/rack/runtime.rb:18:in `call'
  activesupport (4.2.5) lib/active_support/cache/strategy/local_cache_middleware.rb:28:in `call'
  rack (1.6.8) lib/rack/lock.rb:17:in `call'
  actionpack (4.2.5) lib/action_dispatch/middleware/static.rb:116:in `call'
  rack (1.6.8) lib/rack/sendfile.rb:113:in `call'
  railties (4.2.5) lib/rails/engine.rb:518:in `call'
  railties (4.2.5) lib/rails/application.rb:165:in `call'
  rack (1.6.8) lib/rack/lock.rb:17:in `call'
  rack (1.6.8) lib/rack/content_length.rb:15:in `call'
  rack (1.6.8) lib/rack/handler/webrick.rb:88:in `service'
  /Users/saraesrig/.rvm/rubies/ruby-2.2.0/lib/ruby/2.2.0/webrick/httpserver.rb:138:in `service'
  /Users/saraesrig/.rvm/rubies/ruby-2.2.0/lib/ruby/2.2.0/webrick/httpserver.rb:94:in `run'
  /Users/saraesrig/.rvm/rubies/ruby-2.2.0/lib/ruby/2.2.0/webrick/server.rb:294:in `block in start_thread'


  Rendered /Users/saraesrig/.rvm/gems/ruby-2.2.0/gems/actionpack-4.2.5/lib/action_dispatch/middleware/templates/rescues/_source.erb (6.1ms)
  Rendered /Users/saraesrig/.rvm/gems/ruby-2.2.0/gems/actionpack-4.2.5/lib/action_dispatch/middleware/templates/rescues/_trace.html.erb (2.8ms)
  Rendered /Users/saraesrig/.rvm/gems/ruby-2.2.0/gems/actionpack-4.2.5/lib/action_dispatch/middleware/templates/rescues/_request_and_response.html.erb (1.0ms)
  Rendered /Users/saraesrig/.rvm/gems/ruby-2.2.0/gems/actionpack-4.2.5/lib/action_dispatch/middleware/templates/rescues/missing_template.html.erb within rescues/layout (56.6ms)
  Rendered /Users/saraesrig/.rvm/gems/ruby-2.2.0/gems/web-console-2.3.0/lib/web_console/templates/_markup.html.erb (0.4ms)
  Rendered /Users/saraesrig/.rvm/gems/ruby-2.2.0/gems/web-console-2.3.0/lib/web_console/templates/_inner_console_markup.html.erb within layouts/inlined_string (0.4ms)
  Rendered /Users/saraesrig/.rvm/gems/ruby-2.2.0/gems/web-console-2.3.0/lib/web_console/templates/_prompt_box_markup.html.erb within layouts/inlined_string (0.3ms)
  Rendered /Users/saraesrig/.rvm/gems/ruby-2.2.0/gems/web-console-2.3.0/lib/web_console/templates/style.css.erb within layouts/inlined_string (0.3ms)
  Rendered /Users/saraesrig/.rvm/gems/ruby-2.2.0/gems/web-console-2.3.0/lib/web_console/templates/console.js.erb within layouts/javascript (45.3ms)
  Rendered /Users/saraesrig/.rvm/gems/ruby-2.2.0/gems/web-console-2.3.0/lib/web_console/templates/main.js.erb within layouts/javascript (0.3ms)
  Rendered /Users/saraesrig/.rvm/gems/ruby-2.2.0/gems/web-console-2.3.0/lib/web_console/templates/error_page.js.erb within layouts/javascript (1.6ms)
  Rendered /Users/saraesrig/.rvm/gems/ruby-2.2.0/gems/web-console-2.3.0/lib/web_console/templates/index.html.erb (98.1ms)


Started GET "/" for ::1 at 2017-09-07 12:50:07 +0300
Processing by HomeController#index as HTML
  Rendered home/index.html.erb within layouts/application (24.6ms)
Completed 500 Internal Server Error in 40ms (ActiveRecord: 0.0ms)

ActionView::Template::Error (undefined method `email' for nil:NilClass):
    1: <h1>Welcome <%= current_user.email %></h1>
  app/views/home/index.html.erb:1:in `_app_views_home_index_html_erb__731123121326894387_70128668290600'


  Rendered /Users/saraesrig/.rvm/gems/ruby-2.2.0/gems/actionpack-4.2.5/lib/action_dispatch/middleware/templates/rescues/_source.erb (16.4ms)
  Rendered /Users/saraesrig/.rvm/gems/ruby-2.2.0/gems/actionpack-4.2.5/lib/action_dispatch/middleware/templates/rescues/_trace.html.erb (5.0ms)
  Rendered /Users/saraesrig/.rvm/gems/ruby-2.2.0/gems/actionpack-4.2.5/lib/action_dispatch/middleware/templates/rescues/_request_and_response.html.erb (2.3ms)
  Rendered /Users/saraesrig/.rvm/gems/ruby-2.2.0/gems/actionpack-4.2.5/lib/action_dispatch/middleware/templates/rescues/template_error.html.erb within rescues/layout (71.1ms)
  Rendered /Users/saraesrig/.rvm/gems/ruby-2.2.0/gems/web-console-2.3.0/lib/web_console/templates/_markup.html.erb (0.9ms)
  Rendered /Users/saraesrig/.rvm/gems/ruby-2.2.0/gems/web-console-2.3.0/lib/web_console/templates/_inner_console_markup.html.erb within layouts/inlined_string (0.3ms)
  Rendered /Users/saraesrig/.rvm/gems/ruby-2.2.0/gems/web-console-2.3.0/lib/web_console/templates/_prompt_box_markup.html.erb within layouts/inlined_string (0.7ms)
  Rendered /Users/saraesrig/.rvm/gems/ruby-2.2.0/gems/web-console-2.3.0/lib/web_console/templates/style.css.erb within layouts/inlined_string (1.1ms)
  Rendered /Users/saraesrig/.rvm/gems/ruby-2.2.0/gems/web-console-2.3.0/lib/web_console/templates/console.js.erb within layouts/javascript (42.7ms)
  Rendered /Users/saraesrig/.rvm/gems/ruby-2.2.0/gems/web-console-2.3.0/lib/web_console/templates/main.js.erb within layouts/javascript (1.2ms)
  Rendered /Users/saraesrig/.rvm/gems/ruby-2.2.0/gems/web-console-2.3.0/lib/web_console/templates/error_page.js.erb within layouts/javascript (0.8ms)
  Rendered /Users/saraesrig/.rvm/gems/ruby-2.2.0/gems/web-console-2.3.0/lib/web_console/templates/index.html.erb (99.3ms)


Started GET "/" for ::1 at 2017-09-07 12:50:42 +0300
Processing by HomeController#index as HTML
  Rendered home/index.html.erb within layouts/application (0.6ms)
Completed 200 OK in 1025ms (Views: 1024.8ms | ActiveRecord: 0.0ms)


Started GET "/users/sign_up" for ::1 at 2017-09-07 12:50:49 +0300
Processing by Devise::RegistrationsController#new as HTML
  Rendered devise/shared/_links.html.erb (19.8ms)
  Rendered devise/registrations/new.html.erb within layouts/application (46.3ms)
Completed 200 OK in 100ms (Views: 75.9ms | ActiveRecord: 1.1ms)


Started GET "/users/sign_in" for ::1 at 2017-09-07 12:50:54 +0300
Processing by Devise::SessionsController#new as HTML
  Rendered devise/shared/_links.html.erb (10.6ms)
  Rendered devise/sessions/new.html.erb within layouts/application (25.4ms)
Completed 200 OK in 61ms (Views: 57.4ms | ActiveRecord: 0.0ms)


Started GET "/users/sign_up" for ::1 at 2017-09-07 12:56:26 +0300
Processing by Devise::RegistrationsController#new as HTML
  Rendered devise/shared/_links.html.erb (7.8ms)
  Rendered devise/registrations/new.html.erb within layouts/application (45.7ms)
Completed 200 OK in 117ms (Views: 99.4ms | ActiveRecord: 0.0ms)


Started POST "/users" for ::1 at 2017-09-07 12:56:36 +0300
Processing by Devise::RegistrationsController#create as HTML
  Parameters: {"utf8"=>"✓", "authenticity_token"=>"JcWfQbwby5YwjOCsO2vjIYPwvqPNUXwYYgQc2YuUmdQ85/b8pqXmTrMeAWEl2jm3oHsgdW/EKzacKwFySTreIA==", "user"=>{"email"=>"saraesrig@gmail.com", "password"=>"[FILTERED]", "password_confirmation"=>"[FILTERED]"}, "commit"=>"Sign up"}
  [1m[35m (0.2ms)[0m  begin transaction
  [1m[36mUser Exists (0.3ms)[0m  [1mSELECT  1 AS one FROM "users" WHERE "users"."email" = 'saraesrig@gmail.com' LIMIT 1[0m
  [1m[35mSQL (0.7ms)[0m  INSERT INTO "users" ("email", "encrypted_password", "created_at", "updated_at", "confirmation_token", "confirmation_sent_at") VALUES (?, ?, ?, ?, ?, ?)  [["email", "saraesrig@gmail.com"], ["encrypted_password", "$2a$11$zh.wzRwKctLn.IbK6mWnuuDgJwlchu8DWu9Qe5/U6VwnzxOrkxNqu"], ["created_at", "2017-09-07 09:56:36.957997"], ["updated_at", "2017-09-07 09:56:36.957997"], ["confirmation_token", "f2_yyZ2QkWsTts-erD1S"], ["confirmation_sent_at", "2017-09-07 09:56:36.958504"]]
  [1m[36m (0.7ms)[0m  [1mcommit transaction[0m
  Rendered devise/mailer/confirmation_instructions.html.erb (5.4ms)

Devise::Mailer#confirmation_instructions: processed outbound mail in 278.6ms

Sent mail to saraesrig@gmail.com (34.2ms)
Date: Thu, 07 Sep 2017 12:56:37 +0300
From: please-change-me-at-config-initializers-devise@example.com
Reply-To: please-change-me-at-config-initializers-devise@example.com
To: saraesrig@gmail.com
Message-ID: <59b117d5408fd_24453fc81afc4834344b@Saras-MBP.mail>
Subject: Confirmation instructions
Mime-Version: 1.0
Content-Type: text/html;
 charset=UTF-8
Content-Transfer-Encoding: 7bit

<p>Welcome saraesrig@gmail.com!</p>

<p>You can confirm your account email through the link below:</p>

<p><a href="http://localhost:3000/users/confirmation?confirmation_token=f2_yyZ2QkWsTts-erD1S">Confirm my account</a></p>

Redirected to http://localhost:3000/
Completed 302 Found in 569ms (ActiveRecord: 1.9ms)


Started GET "/" for ::1 at 2017-09-07 12:56:37 +0300
Processing by HomeController#index as HTML
  Rendered home/index.html.erb within layouts/application (0.0ms)
Completed 200 OK in 18ms (Views: 18.0ms | ActiveRecord: 0.0ms)


Started GET "/" for ::1 at 2017-09-07 13:03:31 +0300
Processing by HomeController#index as HTML
  Rendered home/index.html.erb within layouts/application (1.1ms)
Completed 200 OK in 5415ms (Views: 5406.9ms | ActiveRecord: 0.0ms)


Started GET "/users/sign_up" for ::1 at 2017-09-07 13:03:44 +0300
Processing by Devise::RegistrationsController#new as HTML
  Rendered devise/shared/_links.html.erb (5.8ms)
  Rendered devise/registrations/new.html.erb within layouts/application (17.7ms)
Completed 200 OK in 92ms (Views: 90.3ms | ActiveRecord: 0.0ms)


Started POST "/users" for ::1 at 2017-09-07 13:03:53 +0300
Processing by Devise::RegistrationsController#create as HTML
  Parameters: {"utf8"=>"✓", "authenticity_token"=>"QsEHsq/vWops4HpBsgs6ohr9CerJd/lrOK1oR0cdDmJb424PtVF3Uu9ym4ysuuA0OXaXPGvirkXGgnXshbNJlg==", "user"=>{"email"=>"saraesrig@gmail.com", "password"=>"[FILTERED]", "password_confirmation"=>"[FILTERED]"}, "commit"=>"Sign up"}
  [1m[35m (0.6ms)[0m  begin transaction
  [1m[36mUser Exists (0.3ms)[0m  [1mSELECT  1 AS one FROM "users" WHERE "users"."email" = 'saraesrig@gmail.com' LIMIT 1[0m
  [1m[35m (0.1ms)[0m  rollback transaction
  Rendered devise/shared/_links.html.erb (4.9ms)
  Rendered devise/registrations/new.html.erb within layouts/application (11.9ms)
Completed 200 OK in 200ms (Views: 37.8ms | ActiveRecord: 1.0ms)
  [1m[36m (1.2ms)[0m  [1mCREATE TABLE "schema_migrations" ("version" varchar NOT NULL) [0m
  [1m[35m (0.4ms)[0m  select sqlite_version(*)
  [1m[36m (1.8ms)[0m  [1mCREATE UNIQUE INDEX "unique_schema_migrations" ON "schema_migrations" ("version")[0m
  [1m[35mActiveRecord::SchemaMigration Load (0.2ms)[0m  SELECT "schema_migrations".* FROM "schema_migrations"
Migrating to DeviseCreateUsers (20170907081811)
  [1m[36m (0.1ms)[0m  [1mbegin transaction[0m
  [1m[35m (0.6ms)[0m  CREATE TABLE "users" ("id" INTEGER PRIMARY KEY AUTOINCREMENT NOT NULL, "email" varchar DEFAULT '' NOT NULL, "encrypted_password" varchar DEFAULT '' NOT NULL, "reset_password_token" varchar, "reset_password_sent_at" datetime, "remember_created_at" datetime, "sign_in_count" integer DEFAULT 0 NOT NULL, "current_sign_in_at" datetime, "last_sign_in_at" datetime, "current_sign_in_ip" varchar, "last_sign_in_ip" varchar, "confirmation_token" varchar, "confirmed_at" datetime, "confirmation_sent_at" datetime, "unconfirmed_email" varchar, "created_at" datetime NOT NULL, "updated_at" datetime NOT NULL) 
  [1m[36m (0.1ms)[0m  [1mCREATE UNIQUE INDEX "index_users_on_email" ON "users" ("email")[0m
  [1m[35m (0.2ms)[0m              SELECT sql
            FROM sqlite_master
            WHERE name='index_users_on_email' AND type='index'
            UNION ALL
            SELECT sql
            FROM sqlite_temp_master
            WHERE name='index_users_on_email' AND type='index'

  [1m[36m (0.1ms)[0m  [1mCREATE UNIQUE INDEX "index_users_on_reset_password_token" ON "users" ("reset_password_token")[0m
  [1m[35m (0.0ms)[0m              SELECT sql
            FROM sqlite_master
            WHERE name='index_users_on_reset_password_token' AND type='index'
            UNION ALL
            SELECT sql
            FROM sqlite_temp_master
            WHERE name='index_users_on_reset_password_token' AND type='index'

  [1m[36m (0.0ms)[0m  [1m            SELECT sql
            FROM sqlite_master
            WHERE name='index_users_on_email' AND type='index'
            UNION ALL
            SELECT sql
            FROM sqlite_temp_master
            WHERE name='index_users_on_email' AND type='index'
[0m
  [1m[35m (0.1ms)[0m  CREATE UNIQUE INDEX "index_users_on_confirmation_token" ON "users" ("confirmation_token")
  [1m[36mSQL (0.2ms)[0m  [1mINSERT INTO "schema_migrations" ("version") VALUES (?)[0m  [["version", "20170907081811"]]
  [1m[35m (0.9ms)[0m  commit transaction
  [1m[36mActiveRecord::SchemaMigration Load (0.1ms)[0m  [1mSELECT "schema_migrations".* FROM "schema_migrations"[0m
  [1m[35m (0.1ms)[0m              SELECT sql
            FROM sqlite_master
            WHERE name='index_users_on_confirmation_token' AND type='index'
            UNION ALL
            SELECT sql
            FROM sqlite_temp_master
            WHERE name='index_users_on_confirmation_token' AND type='index'

  [1m[36m (0.1ms)[0m  [1m            SELECT sql
            FROM sqlite_master
            WHERE name='index_users_on_reset_password_token' AND type='index'
            UNION ALL
            SELECT sql
            FROM sqlite_temp_master
            WHERE name='index_users_on_reset_password_token' AND type='index'
[0m
  [1m[35m (0.1ms)[0m              SELECT sql
            FROM sqlite_master
            WHERE name='index_users_on_email' AND type='index'
            UNION ALL
            SELECT sql
            FROM sqlite_temp_master
            WHERE name='index_users_on_email' AND type='index'

  [1m[36mUser Load (0.5ms)[0m  [1mSELECT  "users".* FROM "users"  ORDER BY "users"."id" DESC LIMIT 1[0m
  [1m[35mUser Load (0.3ms)[0m  SELECT  "users".* FROM "users"  ORDER BY "users"."id" ASC LIMIT 1


Started GET "/users/sign_up" for ::1 at 2017-09-07 13:37:48 +0300
Processing by Devise::RegistrationsController#new as HTML
  Rendered devise/shared/_links.html.erb (12.0ms)
  Rendered devise/registrations/new.html.erb within layouts/application (36.4ms)
Completed 200 OK in 337ms (Views: 197.6ms | ActiveRecord: 9.6ms)


Started POST "/users" for ::1 at 2017-09-07 13:38:02 +0300
Processing by Devise::RegistrationsController#create as HTML
  Parameters: {"utf8"=>"✓", "authenticity_token"=>"kaxOHL9Hn1M8nBS2g5HeQJZbZCzTbzRNIR7Je/8/znaIjiehpfmyi78O9XudIATWtdD6+nH6Y2PfMdTQPZGJgg==", "user"=>{"email"=>"saraesrig@gmail.com", "password"=>"[FILTERED]", "password_confirmation"=>"[FILTERED]"}, "commit"=>"Sign up"}
  [1m[36m (0.1ms)[0m  [1mbegin transaction[0m
  [1m[35mUser Exists (0.2ms)[0m  SELECT  1 AS one FROM "users" WHERE "users"."email" = 'saraesrig@gmail.com' LIMIT 1
  [1m[36mSQL (0.7ms)[0m  [1mINSERT INTO "users" ("email", "encrypted_password", "created_at", "updated_at", "confirmation_token", "confirmation_sent_at") VALUES (?, ?, ?, ?, ?, ?)[0m  [["email", "saraesrig@gmail.com"], ["encrypted_password", "$2a$11$hS0eYZ0KxRuowuK9DDPq4.GS3sZTkv6Lg/pCFCfEf7QYsew5ZVGnO"], ["created_at", "2017-09-07 10:38:02.843380"], ["updated_at", "2017-09-07 10:38:02.843380"], ["confirmation_token", "Nik29wAzNodkBRcssyg9"], ["confirmation_sent_at", "2017-09-07 10:38:02.845325"]]
  [1m[35m (0.8ms)[0m  commit transaction
  Rendered devise/mailer/confirmation_instructions.html.erb (4.8ms)

Devise::Mailer#confirmation_instructions: processed outbound mail in 57.2ms

Sent mail to saraesrig@gmail.com (27.6ms)
Date: Thu, 07 Sep 2017 13:38:02 +0300
From: please-change-me-at-config-initializers-devise@example.com
Reply-To: please-change-me-at-config-initializers-devise@example.com
To: saraesrig@gmail.com
Message-ID: <59b1218aed895_24453fc81f0b0ed835e@Saras-MBP.mail>
Subject: Confirmation instructions
Mime-Version: 1.0
Content-Type: text/html;
 charset=UTF-8
Content-Transfer-Encoding: 7bit

<p>Welcome saraesrig@gmail.com!</p>

<p>You can confirm your account email through the link below:</p>

<p><a href="http://localhost:3000/users/confirmation?confirmation_token=Nik29wAzNodkBRcssyg9">Confirm my account</a></p>

Redirected to http://localhost:3000/
Completed 302 Found in 352ms (ActiveRecord: 1.8ms)


Started GET "/" for ::1 at 2017-09-07 13:38:03 +0300
Processing by HomeController#index as HTML
  Rendered home/index.html.erb within layouts/application (0.1ms)
Completed 200 OK in 139ms (Views: 138.2ms | ActiveRecord: 0.0ms)


Started GET "/" for ::1 at 2017-09-07 19:07:16 +0300
Processing by HomeController#index as HTML
  Rendered home/index.html.erb within layouts/application (7.3ms)
Completed 200 OK in 2082ms (Views: 2043.1ms | ActiveRecord: 0.0ms)


Started GET "/" for ::1 at 2017-09-07 19:07:21 +0300
Processing by HomeController#index as HTML
  Rendered home/index.html.erb within layouts/application (0.1ms)
Completed 200 OK in 454ms (Views: 453.3ms | ActiveRecord: 0.0ms)
  [1m[36mUser Load (0.4ms)[0m  [1mSELECT  "users".* FROM "users"  ORDER BY "users"."id" ASC LIMIT 1[0m
  [1m[35mUser Load (1.7ms)[0m  SELECT  "users".* FROM "users"  ORDER BY "users"."id" ASC LIMIT 1
  [1m[36mSQL (10.8ms)[0m  [1mDELETE FROM "users" WHERE "users"."id" = ?[0m  [["id", 1]]


Started GET "/users/sign_up" for ::1 at 2017-09-07 19:08:11 +0300
Processing by Devise::RegistrationsController#new as HTML
  Rendered devise/shared/_links.html.erb (20.5ms)
  Rendered devise/registrations/new.html.erb within layouts/application (126.0ms)
Completed 200 OK in 1127ms (Views: 750.9ms | ActiveRecord: 15.7ms)


Started POST "/users" for ::1 at 2017-09-07 19:08:33 +0300
Processing by Devise::RegistrationsController#create as HTML
  Parameters: {"utf8"=>"✓", "authenticity_token"=>"QOnymSm9JfPcUJG89h6VPDypInFp7WkyBMQNWfXPaJFZy5skMwMIK1/CcHHor0+qHyK8p8t4Phz66xDyN2EvZQ==", "user"=>{"email"=>"saraesrig@gmail.com", "password"=>"[FILTERED]", "password_confirmation"=>"[FILTERED]"}, "commit"=>"Sign up"}
  [1m[36m (3.3ms)[0m  [1mbegin transaction[0m
  [1m[35mUser Exists (0.4ms)[0m  SELECT  1 AS one FROM "users" WHERE "users"."email" = 'saraesrig@gmail.com' LIMIT 1
  [1m[36mSQL (2.2ms)[0m  [1mINSERT INTO "users" ("email", "encrypted_password", "created_at", "updated_at", "confirmation_token", "confirmation_sent_at") VALUES (?, ?, ?, ?, ?, ?)[0m  [["email", "saraesrig@gmail.com"], ["encrypted_password", "$2a$11$aHZ2USK8bA1ZfLKR5WziN.h5DZJ2q7xAvw9sA4mKKzefk.qd5/7e6"], ["created_at", "2017-09-07 16:08:33.927788"], ["updated_at", "2017-09-07 16:08:33.927788"], ["confirmation_token", "JNrvUpvVnvzuTqYfMPSQ"], ["confirmation_sent_at", "2017-09-07 16:08:33.948269"]]
  [1m[35m (0.8ms)[0m  commit transaction
  Rendered devise/mailer/confirmation_instructions.html.erb (11.6ms)

Devise::Mailer#confirmation_instructions: processed outbound mail in 97.9ms

Sent mail to saraesrig@gmail.com (194.1ms)
Date: Thu, 07 Sep 2017 19:08:34 +0300
From: please-change-me-at-config-initializers-devise@example.com
Reply-To: please-change-me-at-config-initializers-devise@example.com
To: saraesrig@gmail.com
Message-ID: <59b16f023f1bd_24453fc81e10eb243651@Saras-MacBook-Pro.local.mail>
Subject: Confirmation instructions
Mime-Version: 1.0
Content-Type: text/html;
 charset=UTF-8
Content-Transfer-Encoding: 7bit

<p>Welcome saraesrig@gmail.com!</p>

<p>You can confirm your account email through the link below:</p>

<p><a href="http://localhost:3000/users/confirmation?confirmation_token=JNrvUpvVnvzuTqYfMPSQ">Confirm my account</a></p>

Redirected to http://localhost:3000/
Completed 302 Found in 877ms (ActiveRecord: 6.6ms)


Started GET "/" for ::1 at 2017-09-07 19:08:34 +0300
Processing by HomeController#index as HTML
  Rendered home/index.html.erb within layouts/application (0.8ms)
Completed 200 OK in 624ms (Views: 615.2ms | ActiveRecord: 0.0ms)
  [1m[35mUser Load (16.9ms)[0m  SELECT  "users".* FROM "users"  ORDER BY "users"."id" ASC LIMIT 1
  [1m[36mSQL (2.6ms)[0m  [1mDELETE FROM "users" WHERE "users"."id" = ?[0m  [["id", 2]]


Started GET "/" for ::1 at 2017-09-07 20:15:20 +0300
  [1m[36mActiveRecord::SchemaMigration Load (0.1ms)[0m  [1mSELECT "schema_migrations".* FROM "schema_migrations"[0m
Processing by HomeController#index as HTML
  Rendered home/index.html.erb within layouts/application (2.0ms)
Completed 200 OK in 875ms (Views: 849.4ms | ActiveRecord: 0.0ms)


Started GET "/users/sign_up" for ::1 at 2017-09-07 20:15:26 +0300
Processing by Devise::RegistrationsController#new as HTML
  Rendered devise/shared/_links.html.erb (18.3ms)
  Rendered devise/registrations/new.html.erb within layouts/application (134.4ms)
Completed 200 OK in 498ms (Views: 226.7ms | ActiveRecord: 47.1ms)


Started POST "/users" for ::1 at 2017-09-07 20:15:38 +0300
Processing by Devise::RegistrationsController#create as HTML
  Parameters: {"utf8"=>"✓", "authenticity_token"=>"sfguocEo1LwKs9+TeE5rYLGMai0PGAByzbJFTzpS89io2kcc25b5ZIkhPl5m/7H2kgf0+62NV1wznVjk+Py0LA==", "user"=>{"email"=>"saraesrig@gmail.com", "password"=>"[FILTERED]", "password_confirmation"=>"[FILTERED]"}, "commit"=>"Sign up"}
  [1m[35m (0.7ms)[0m  begin transaction
  [1m[36mUser Exists (0.5ms)[0m  [1mSELECT  1 AS one FROM "users" WHERE "users"."email" = 'saraesrig@gmail.com' LIMIT 1[0m
  [1m[35mSQL (3.4ms)[0m  INSERT INTO "users" ("email", "encrypted_password", "created_at", "updated_at", "confirmation_token", "confirmation_sent_at") VALUES (?, ?, ?, ?, ?, ?)  [["email", "saraesrig@gmail.com"], ["encrypted_password", "$2a$11$bZ4rXdI6PA537yo.0OgL4.ewXVh2aqvqp0NPvUMO2GvTHsgHCJN/6"], ["created_at", "2017-09-07 17:15:38.371671"], ["updated_at", "2017-09-07 17:15:38.371671"], ["confirmation_token", "HzT4Ax6TnQKSyzWzGtbN"], ["confirmation_sent_at", "2017-09-07 17:15:38.373113"]]
  [1m[36m (0.9ms)[0m  [1mcommit transaction[0m
  Rendered devise/mailer/confirmation_instructions.html.erb (11.3ms)

Devise::Mailer#confirmation_instructions: processed outbound mail in 503.9ms

Sent mail to saraesrig@gmail.com (3107.2ms)
Date: Thu, 07 Sep 2017 20:15:38 +0300
From: please-change-me-at-config-initializers-devise@example.com
Reply-To: please-change-me-at-config-initializers-devise@example.com
To: saraesrig@gmail.com
Message-ID: <59b17ebae2739_7c2b3fef6d9a477c652a@Saras-MacBook-Pro.local.mail>
Subject: Confirmation instructions
Mime-Version: 1.0
Content-Type: text/html;
 charset=UTF-8
Content-Transfer-Encoding: 7bit

<p>Welcome saraesrig@gmail.com!</p>

<p>You can confirm your account email through the link below:</p>

<p><a href="http://localhost:3000/users/confirmation?confirmation_token=HzT4Ax6TnQKSyzWzGtbN">Confirm my account</a></p>

Redirected to http://localhost:3000/
Completed 302 Found in 4056ms (ActiveRecord: 5.4ms)


Started GET "/" for ::1 at 2017-09-07 20:15:42 +0300
Processing by HomeController#index as HTML
  Rendered home/index.html.erb within layouts/application (0.4ms)
Completed 200 OK in 60ms (Views: 56.9ms | ActiveRecord: 0.0ms)


Started GET "/" for ::1 at 2017-09-07 20:16:26 +0300
Processing by HomeController#index as HTML
  Rendered home/index.html.erb within layouts/application (17.2ms)
Completed 500 Internal Server Error in 33ms (ActiveRecord: 0.0ms)

ActionView::Template::Error (undefined method `email' for nil:NilClass):
    1: <h1>Welcome <%= current_user.email %></h1>
  app/views/home/index.html.erb:1:in `_app_views_home_index_html_erb__1949665060005297459_70297627706120'


  Rendered /Users/saraesrig/.rvm/gems/ruby-2.2.0/gems/actionpack-4.2.5/lib/action_dispatch/middleware/templates/rescues/_source.erb (7.9ms)
  Rendered /Users/saraesrig/.rvm/gems/ruby-2.2.0/gems/actionpack-4.2.5/lib/action_dispatch/middleware/templates/rescues/_trace.html.erb (6.1ms)
  Rendered /Users/saraesrig/.rvm/gems/ruby-2.2.0/gems/actionpack-4.2.5/lib/action_dispatch/middleware/templates/rescues/_request_and_response.html.erb (2.3ms)
  Rendered /Users/saraesrig/.rvm/gems/ruby-2.2.0/gems/actionpack-4.2.5/lib/action_dispatch/middleware/templates/rescues/template_error.html.erb within rescues/layout (74.2ms)
  Rendered /Users/saraesrig/.rvm/gems/ruby-2.2.0/gems/web-console-2.3.0/lib/web_console/templates/_markup.html.erb (0.6ms)
  Rendered /Users/saraesrig/.rvm/gems/ruby-2.2.0/gems/web-console-2.3.0/lib/web_console/templates/_inner_console_markup.html.erb within layouts/inlined_string (0.5ms)
  Rendered /Users/saraesrig/.rvm/gems/ruby-2.2.0/gems/web-console-2.3.0/lib/web_console/templates/_prompt_box_markup.html.erb within layouts/inlined_string (0.4ms)
  Rendered /Users/saraesrig/.rvm/gems/ruby-2.2.0/gems/web-console-2.3.0/lib/web_console/templates/style.css.erb within layouts/inlined_string (0.4ms)
  Rendered /Users/saraesrig/.rvm/gems/ruby-2.2.0/gems/web-console-2.3.0/lib/web_console/templates/console.js.erb within layouts/javascript (50.3ms)
  Rendered /Users/saraesrig/.rvm/gems/ruby-2.2.0/gems/web-console-2.3.0/lib/web_console/templates/main.js.erb within layouts/javascript (0.4ms)
  Rendered /Users/saraesrig/.rvm/gems/ruby-2.2.0/gems/web-console-2.3.0/lib/web_console/templates/error_page.js.erb within layouts/javascript (0.5ms)
  Rendered /Users/saraesrig/.rvm/gems/ruby-2.2.0/gems/web-console-2.3.0/lib/web_console/templates/index.html.erb (107.8ms)


Started GET "/" for ::1 at 2017-09-07 20:16:40 +0300
Processing by HomeController#index as HTML
  Rendered home/index.html.erb within layouts/application (0.8ms)
Completed 200 OK in 41ms (Views: 40.6ms | ActiveRecord: 0.0ms)


Started GET "/users/sign_in" for ::1 at 2017-09-07 20:16:45 +0300
Processing by Devise::SessionsController#new as HTML
  Rendered devise/shared/_links.html.erb (12.1ms)
  Rendered devise/sessions/new.html.erb within layouts/application (47.1ms)
Completed 200 OK in 80ms (Views: 75.6ms | ActiveRecord: 0.0ms)


Started POST "/users/sign_in" for ::1 at 2017-09-07 20:16:53 +0300
Processing by Devise::SessionsController#create as HTML
  Parameters: {"utf8"=>"✓", "authenticity_token"=>"HJdTZjGFXq1ebF4RQfHFQXsTwVURwV9ypUjRKm232j8FtTrbKztzdd3+v9xfQB/XWJhfg7NUCFxbZ8yBrxmdyw==", "user"=>{"email"=>"saraesrig@gmail.com", "password"=>"[FILTERED]", "remember_me"=>"0"}, "commit"=>"Log in"}
  [1m[35mUser Load (1.2ms)[0m  SELECT  "users".* FROM "users" WHERE "users"."email" = ?  ORDER BY "users"."id" ASC LIMIT 1  [["email", "saraesrig@gmail.com"]]
  [1m[36m (0.1ms)[0m  [1mbegin transaction[0m
  [1m[35m (0.1ms)[0m  commit transaction
Completed 401 Unauthorized in 178ms (ActiveRecord: 1.4ms)


Started GET "/users/sign_in" for ::1 at 2017-09-07 20:16:53 +0300
Processing by Devise::SessionsController#new as HTML
  Rendered devise/shared/_links.html.erb (7.7ms)
  Rendered devise/sessions/new.html.erb within layouts/application (13.1ms)
Completed 200 OK in 134ms (Views: 132.1ms | ActiveRecord: 0.0ms)


Started GET "/users/confirmation?confirmation_token=HzT4Ax6TnQKSyzWzGtbN" for ::1 at 2017-09-07 20:17:22 +0300
Processing by Devise::ConfirmationsController#show as HTML
  Parameters: {"confirmation_token"=>"HzT4Ax6TnQKSyzWzGtbN"}
  [1m[36mUser Load (1.1ms)[0m  [1mSELECT  "users".* FROM "users" WHERE "users"."confirmation_token" = ?  ORDER BY "users"."id" ASC LIMIT 1[0m  [["confirmation_token", "HzT4Ax6TnQKSyzWzGtbN"]]
  [1m[35m (0.2ms)[0m  begin transaction
  [1m[36mSQL (1.8ms)[0m  [1mUPDATE "users" SET "confirmed_at" = ?, "updated_at" = ? WHERE "users"."id" = ?[0m  [["confirmed_at", "2017-09-07 17:17:22.557701"], ["updated_at", "2017-09-07 17:17:22.559885"], ["id", 3]]
  [1m[35m (1.2ms)[0m  commit transaction
Redirected to http://localhost:3000/users/sign_in
Completed 302 Found in 38ms (ActiveRecord: 4.4ms)


Started GET "/users/sign_in" for ::1 at 2017-09-07 20:17:22 +0300
Processing by Devise::SessionsController#new as HTML
  Rendered devise/shared/_links.html.erb (7.8ms)
  Rendered devise/sessions/new.html.erb within layouts/application (20.0ms)
Completed 200 OK in 118ms (Views: 116.4ms | ActiveRecord: 0.0ms)


Started GET "/assets/home.self-e3b0c44298fc1c149afbf4c8996fb92427ae41e4649b934ca495991b7852b855.css?body=1" for ::1 at 2017-09-07 20:17:22 +0300


Started GET "/assets/application.self-cde094789b3667e2ab72c31e93e6ba9f95b7445a1f8fab2b08acb0f1d3b516dd.css?body=1" for ::1 at 2017-09-07 20:17:22 +0300


Started GET "/assets/home.self-877aef30ae1b040ab8a3aba4e3e309a11d7f2612f44dde450b5c157aa5f95c05.js?body=1" for ::1 at 2017-09-07 20:17:22 +0300


Started POST "/users/sign_in" for ::1 at 2017-09-07 20:17:37 +0300
Processing by Devise::SessionsController#create as HTML
  Parameters: {"utf8"=>"✓", "authenticity_token"=>"6+4Jwu7Zg7for16zq0qanm2L9AcnocCywwW7dR6uYuUZyzwLEUqwEBxmdDnebVjCeocJs5HDfdT6mRA7n44GpA==", "user"=>{"email"=>"saraesrig@gmail.com", "password"=>"[FILTERED]", "remember_me"=>"0"}, "commit"=>"Log in"}
  [1m[36mUser Load (1.1ms)[0m  [1mSELECT  "users".* FROM "users" WHERE "users"."email" = ?  ORDER BY "users"."id" ASC LIMIT 1[0m  [["email", "saraesrig@gmail.com"]]
  [1m[35m (0.5ms)[0m  begin transaction
  [1m[36mSQL (0.8ms)[0m  [1mUPDATE "users" SET "last_sign_in_at" = ?, "current_sign_in_at" = ?, "last_sign_in_ip" = ?, "current_sign_in_ip" = ?, "sign_in_count" = ?, "updated_at" = ? WHERE "users"."id" = ?[0m  [["last_sign_in_at", "2017-09-07 17:17:37.438780"], ["current_sign_in_at", "2017-09-07 17:17:37.438780"], ["last_sign_in_ip", "::1"], ["current_sign_in_ip", "::1"], ["sign_in_count", 1], ["updated_at", "2017-09-07 17:17:37.443105"], ["id", 3]]
  [1m[35m (1.5ms)[0m  commit transaction
Redirected to http://localhost:3000/
Completed 302 Found in 229ms (ActiveRecord: 3.9ms)


Started GET "/" for ::1 at 2017-09-07 20:17:37 +0300
Processing by HomeController#index as HTML
  Rendered home/index.html.erb within layouts/application (1.5ms)
  [1m[36mUser Load (0.3ms)[0m  [1mSELECT  "users".* FROM "users" WHERE "users"."id" = ?  ORDER BY "users"."id" ASC LIMIT 1[0m  [["id", 3]]
Completed 200 OK in 124ms (Views: 122.4ms | ActiveRecord: 0.3ms)


Started GET "/" for ::1 at 2017-09-07 20:18:40 +0300
Processing by HomeController#index as HTML
  [1m[35mUser Load (1.0ms)[0m  SELECT  "users".* FROM "users" WHERE "users"."id" = ?  ORDER BY "users"."id" ASC LIMIT 1  [["id", 3]]
  Rendered home/index.html.erb within layouts/application (28.3ms)
Completed 200 OK in 177ms (Views: 167.1ms | ActiveRecord: 1.0ms)


Started GET "/assets/home.self-e3b0c44298fc1c149afbf4c8996fb92427ae41e4649b934ca495991b7852b855.css?body=1" for ::1 at 2017-09-07 20:18:41 +0300


Started GET "/assets/turbolinks.self-1d1fddf91adc38ac2045c51f0a3e05ca97d07d24d15a4dcbf705009106489e69.js?body=1" for ::1 at 2017-09-07 20:18:41 +0300


Started GET "/assets/jquery_ujs.self-784a997f6726036b1993eb2217c9cb558e1cbb801c6da88105588c56f13b466a.js?body=1" for ::1 at 2017-09-07 20:18:41 +0300


Started GET "/assets/home.self-877aef30ae1b040ab8a3aba4e3e309a11d7f2612f44dde450b5c157aa5f95c05.js?body=1" for ::1 at 2017-09-07 20:18:41 +0300


Started GET "/assets/jquery.self-bd7ddd393353a8d2480a622e80342adf488fb6006d667e8b42e4c0073393abee.js?body=1" for ::1 at 2017-09-07 20:18:41 +0300


Started GET "/assets/application.self-3b8dabdc891efe46b9a144b400ad69e37d7e5876bdc39dee783419a69d7ca819.js?body=1" for ::1 at 2017-09-07 20:18:41 +0300


Started GET "/assets/application.self-cde094789b3667e2ab72c31e93e6ba9f95b7445a1f8fab2b08acb0f1d3b516dd.css?body=1" for ::1 at 2017-09-07 20:18:41 +0300


Started DELETE "/users/sign_out" for ::1 at 2017-09-07 20:18:46 +0300
Processing by Devise::SessionsController#destroy as HTML
  Parameters: {"authenticity_token"=>"wynr3R2cJVbISPJFwobtCKx1c7lJNgy1vHI7hAIKKtaeEb9esYj9qYbymVmk1cgxhplMSG2tQFFjhf2Gzas68w=="}
  [1m[36mUser Load (0.1ms)[0m  [1mSELECT  "users".* FROM "users" WHERE "users"."id" = ?  ORDER BY "users"."id" ASC LIMIT 1[0m  [["id", 3]]
  [1m[35m (0.3ms)[0m  begin transaction
  [1m[36m (0.1ms)[0m  [1mcommit transaction[0m
Redirected to http://localhost:3000/
Completed 302 Found in 12ms (ActiveRecord: 0.5ms)


Started GET "/" for ::1 at 2017-09-07 20:18:46 +0300
Processing by HomeController#index as HTML
  Rendered home/index.html.erb within layouts/application (5.2ms)
Completed 500 Internal Server Error in 10ms (ActiveRecord: 0.0ms)

ActionView::Template::Error (undefined method `email' for nil:NilClass):
    1: <h1>Welcome <%= current_user.email %></h1>
  app/views/home/index.html.erb:1:in `_app_views_home_index_html_erb__1949665060005297459_70297634554840'


  Rendered /Users/saraesrig/.rvm/gems/ruby-2.2.0/gems/actionpack-4.2.5/lib/action_dispatch/middleware/templates/rescues/_source.erb (6.2ms)
  Rendered /Users/saraesrig/.rvm/gems/ruby-2.2.0/gems/actionpack-4.2.5/lib/action_dispatch/middleware/templates/rescues/_trace.html.erb (4.6ms)
  Rendered /Users/saraesrig/.rvm/gems/ruby-2.2.0/gems/actionpack-4.2.5/lib/action_dispatch/middleware/templates/rescues/_request_and_response.html.erb (1.2ms)
  Rendered /Users/saraesrig/.rvm/gems/ruby-2.2.0/gems/actionpack-4.2.5/lib/action_dispatch/middleware/templates/rescues/template_error.html.erb within rescues/layout (56.1ms)
  Rendered /Users/saraesrig/.rvm/gems/ruby-2.2.0/gems/web-console-2.3.0/lib/web_console/templates/_markup.html.erb (0.5ms)
  Rendered /Users/saraesrig/.rvm/gems/ruby-2.2.0/gems/web-console-2.3.0/lib/web_console/templates/_inner_console_markup.html.erb within layouts/inlined_string (0.5ms)
  Rendered /Users/saraesrig/.rvm/gems/ruby-2.2.0/gems/web-console-2.3.0/lib/web_console/templates/_prompt_box_markup.html.erb within layouts/inlined_string (0.4ms)
  Rendered /Users/saraesrig/.rvm/gems/ruby-2.2.0/gems/web-console-2.3.0/lib/web_console/templates/style.css.erb within layouts/inlined_string (0.7ms)
  Rendered /Users/saraesrig/.rvm/gems/ruby-2.2.0/gems/web-console-2.3.0/lib/web_console/templates/console.js.erb within layouts/javascript (58.5ms)
  Rendered /Users/saraesrig/.rvm/gems/ruby-2.2.0/gems/web-console-2.3.0/lib/web_console/templates/main.js.erb within layouts/javascript (0.4ms)
  Rendered /Users/saraesrig/.rvm/gems/ruby-2.2.0/gems/web-console-2.3.0/lib/web_console/templates/error_page.js.erb within layouts/javascript (0.5ms)
  Rendered /Users/saraesrig/.rvm/gems/ruby-2.2.0/gems/web-console-2.3.0/lib/web_console/templates/index.html.erb (113.1ms)


Started GET "/" for ::1 at 2017-09-07 20:20:31 +0300
Processing by HomeController#index as HTML
  Rendered home/index.html.erb within layouts/application (24.7ms)
Completed 500 Internal Server Error in 58ms (ActiveRecord: 0.0ms)

ActionView::Template::Error (undefined method `email' for nil:NilClass):
    1: <h1>Welcome <%= current_user.email %></h1>
  app/views/home/index.html.erb:1:in `_app_views_home_index_html_erb__1949665060005297459_70297634554840'


  Rendered /Users/saraesrig/.rvm/gems/ruby-2.2.0/gems/actionpack-4.2.5/lib/action_dispatch/middleware/templates/rescues/_source.erb (6.2ms)
  Rendered /Users/saraesrig/.rvm/gems/ruby-2.2.0/gems/actionpack-4.2.5/lib/action_dispatch/middleware/templates/rescues/_trace.html.erb (19.8ms)
  Rendered /Users/saraesrig/.rvm/gems/ruby-2.2.0/gems/actionpack-4.2.5/lib/action_dispatch/middleware/templates/rescues/_request_and_response.html.erb (2.3ms)
  Rendered /Users/saraesrig/.rvm/gems/ruby-2.2.0/gems/actionpack-4.2.5/lib/action_dispatch/middleware/templates/rescues/template_error.html.erb within rescues/layout (91.8ms)
  Rendered /Users/saraesrig/.rvm/gems/ruby-2.2.0/gems/web-console-2.3.0/lib/web_console/templates/_markup.html.erb (2.3ms)
  Rendered /Users/saraesrig/.rvm/gems/ruby-2.2.0/gems/web-console-2.3.0/lib/web_console/templates/_inner_console_markup.html.erb within layouts/inlined_string (1.6ms)
  Rendered /Users/saraesrig/.rvm/gems/ruby-2.2.0/gems/web-console-2.3.0/lib/web_console/templates/_prompt_box_markup.html.erb within layouts/inlined_string (0.6ms)
  Rendered /Users/saraesrig/.rvm/gems/ruby-2.2.0/gems/web-console-2.3.0/lib/web_console/templates/style.css.erb within layouts/inlined_string (0.5ms)
  Rendered /Users/saraesrig/.rvm/gems/ruby-2.2.0/gems/web-console-2.3.0/lib/web_console/templates/console.js.erb within layouts/javascript (52.9ms)
  Rendered /Users/saraesrig/.rvm/gems/ruby-2.2.0/gems/web-console-2.3.0/lib/web_console/templates/main.js.erb within layouts/javascript (0.5ms)
  Rendered /Users/saraesrig/.rvm/gems/ruby-2.2.0/gems/web-console-2.3.0/lib/web_console/templates/error_page.js.erb within layouts/javascript (0.6ms)
  Rendered /Users/saraesrig/.rvm/gems/ruby-2.2.0/gems/web-console-2.3.0/lib/web_console/templates/index.html.erb (127.4ms)


Started GET "/" for ::1 at 2017-09-07 20:22:31 +0300
Processing by HomeController#index as HTML
  Rendered home/index.html.erb within layouts/application (9.0ms)
Completed 200 OK in 76ms (Views: 70.6ms | ActiveRecord: 0.0ms)


Started GET "/assets/home.self-e3b0c44298fc1c149afbf4c8996fb92427ae41e4649b934ca495991b7852b855.css?body=1" for ::1 at 2017-09-07 20:22:31 +0300


Started GET "/assets/jquery.self-bd7ddd393353a8d2480a622e80342adf488fb6006d667e8b42e4c0073393abee.js?body=1" for ::1 at 2017-09-07 20:22:31 +0300


Started GET "/assets/application.self-cde094789b3667e2ab72c31e93e6ba9f95b7445a1f8fab2b08acb0f1d3b516dd.css?body=1" for ::1 at 2017-09-07 20:22:31 +0300


Started GET "/assets/home.self-877aef30ae1b040ab8a3aba4e3e309a11d7f2612f44dde450b5c157aa5f95c05.js?body=1" for ::1 at 2017-09-07 20:22:31 +0300


Started GET "/assets/application.self-3b8dabdc891efe46b9a144b400ad69e37d7e5876bdc39dee783419a69d7ca819.js?body=1" for ::1 at 2017-09-07 20:22:31 +0300


Started GET "/assets/jquery_ujs.self-784a997f6726036b1993eb2217c9cb558e1cbb801c6da88105588c56f13b466a.js?body=1" for ::1 at 2017-09-07 20:22:31 +0300


Started GET "/assets/turbolinks.self-1d1fddf91adc38ac2045c51f0a3e05ca97d07d24d15a4dcbf705009106489e69.js?body=1" for ::1 at 2017-09-07 20:22:31 +0300


Started GET "/" for ::1 at 2017-09-07 20:22:40 +0300
Processing by HomeController#index as HTML
  Rendered home/index.html.erb within layouts/application (0.4ms)
Completed 200 OK in 36ms (Views: 35.1ms | ActiveRecord: 0.0ms)


Started GET "/" for ::1 at 2017-09-07 20:23:11 +0300
Processing by HomeController#index as HTML
  Rendered home/index.html.erb within layouts/application (8.2ms)
Completed 200 OK in 72ms (Views: 65.7ms | ActiveRecord: 0.0ms)


Started GET "/assets/application.self-cde094789b3667e2ab72c31e93e6ba9f95b7445a1f8fab2b08acb0f1d3b516dd.css?body=1" for ::1 at 2017-09-07 20:23:11 +0300


Started GET "/assets/home.self-e3b0c44298fc1c149afbf4c8996fb92427ae41e4649b934ca495991b7852b855.css?body=1" for ::1 at 2017-09-07 20:23:11 +0300


Started GET "/assets/jquery_ujs.self-784a997f6726036b1993eb2217c9cb558e1cbb801c6da88105588c56f13b466a.js?body=1" for ::1 at 2017-09-07 20:23:11 +0300


Started GET "/assets/turbolinks.self-1d1fddf91adc38ac2045c51f0a3e05ca97d07d24d15a4dcbf705009106489e69.js?body=1" for ::1 at 2017-09-07 20:23:11 +0300


Started GET "/assets/jquery.self-bd7ddd393353a8d2480a622e80342adf488fb6006d667e8b42e4c0073393abee.js?body=1" for ::1 at 2017-09-07 20:23:11 +0300


Started GET "/assets/application.self-3b8dabdc891efe46b9a144b400ad69e37d7e5876bdc39dee783419a69d7ca819.js?body=1" for ::1 at 2017-09-07 20:23:11 +0300


Started GET "/assets/home.self-877aef30ae1b040ab8a3aba4e3e309a11d7f2612f44dde450b5c157aa5f95c05.js?body=1" for ::1 at 2017-09-07 20:23:11 +0300


Started GET "/users/sign_up" for ::1 at 2017-09-07 20:23:16 +0300
Processing by Devise::RegistrationsController#new as HTML
  Rendered devise/shared/_links.html.erb (6.7ms)
  Rendered devise/registrations/new.html.erb within layouts/application (77.1ms)
Completed 200 OK in 115ms (Views: 109.8ms | ActiveRecord: 0.0ms)


Started POST "/users" for ::1 at 2017-09-07 20:23:38 +0300
Processing by Devise::RegistrationsController#create as HTML
  Parameters: {"utf8"=>"✓", "authenticity_token"=>"EJIFPnD/pwrPZB2z3gQq/WL2G5irf4NcA70Bk2hkEEvmUUMoXt3paVo64VgyfwhaNMApPkMr6yczqlhebVsz2g==", "user"=>{"email"=>"bilmee13@gmail.com", "password"=>"[FILTERED]", "password_confirmation"=>"[FILTERED]"}, "commit"=>"Sign up"}
  [1m[35m (0.4ms)[0m  begin transaction
  [1m[36mUser Exists (0.4ms)[0m  [1mSELECT  1 AS one FROM "users" WHERE "users"."email" = 'bilmee13@gmail.com' LIMIT 1[0m
  [1m[35mSQL (1.9ms)[0m  INSERT INTO "users" ("email", "encrypted_password", "created_at", "updated_at", "confirmation_token", "confirmation_sent_at") VALUES (?, ?, ?, ?, ?, ?)  [["email", "bilmee13@gmail.com"], ["encrypted_password", "$2a$11$AmfENOwTwogt4nIXh.bax.W33HruKcGRMv5K8pSWmOprlXj.a6sFa"], ["created_at", "2017-09-07 17:23:38.517400"], ["updated_at", "2017-09-07 17:23:38.517400"], ["confirmation_token", "fJ_P9YY4pJsAjinoBvcL"], ["confirmation_sent_at", "2017-09-07 17:23:38.518197"]]
  [1m[36m (0.8ms)[0m  [1mcommit transaction[0m
  Rendered devise/mailer/confirmation_instructions.html.erb (8.8ms)

Devise::Mailer#confirmation_instructions: processed outbound mail in 40.0ms

Sent mail to bilmee13@gmail.com (2087.4ms)
Date: Thu, 07 Sep 2017 20:23:38 +0300
From: please-change-me-at-config-initializers-devise@example.com
Reply-To: please-change-me-at-config-initializers-devise@example.com
To: bilmee13@gmail.com
Message-ID: <59b1809a90387_7c2b3fef711e77606670@Saras-MacBook-Pro.local.mail>
Subject: Confirmation instructions
Mime-Version: 1.0
Content-Type: text/html;
 charset=UTF-8
Content-Transfer-Encoding: 7bit

<p>Welcome bilmee13@gmail.com!</p>

<p>You can confirm your account email through the link below:</p>

<p><a href="http://localhost:3000/users/confirmation?confirmation_token=fJ_P9YY4pJsAjinoBvcL">Confirm my account</a></p>

Redirected to http://localhost:3000/
Completed 302 Found in 2340ms (ActiveRecord: 3.5ms)


Started GET "/" for ::1 at 2017-09-07 20:23:40 +0300
Processing by HomeController#index as HTML
  Rendered home/index.html.erb within layouts/application (0.5ms)
Completed 200 OK in 34ms (Views: 34.1ms | ActiveRecord: 0.0ms)


Started GET "/users/sign_in" for ::1 at 2017-09-07 20:28:08 +0300
Processing by Devise::SessionsController#new as HTML
  Rendered devise/shared/_links.html.erb (20.0ms)
  Rendered devise/sessions/new.html.erb within layouts/application (95.6ms)
Completed 200 OK in 245ms (Views: 223.9ms | ActiveRecord: 0.0ms)


Started POST "/users/sign_in" for ::1 at 2017-09-07 20:28:21 +0300
Processing by Devise::SessionsController#create as HTML
  Parameters: {"utf8"=>"✓", "authenticity_token"=>"1LBh1Iuf4/COe1l/wZWTZB/4X9VN+LU/jSIcf81Qs8kicyfCpb2tkxslpZQt7rHDSc5tc6Ws3US9NUWyyG+QWA==", "user"=>{"email"=>"bilmee13@gmail.com", "password"=>"[FILTERED]", "remember_me"=>"0"}, "commit"=>"Log in"}
  [1m[35mUser Load (1.7ms)[0m  SELECT  "users".* FROM "users" WHERE "users"."email" = ?  ORDER BY "users"."id" ASC LIMIT 1  [["email", "bilmee13@gmail.com"]]
  [1m[36m (0.2ms)[0m  [1mbegin transaction[0m
  [1m[35m (1.1ms)[0m  commit transaction
Completed 401 Unauthorized in 178ms (ActiveRecord: 3.0ms)


Started GET "/users/sign_in" for ::1 at 2017-09-07 20:28:22 +0300
Processing by Devise::SessionsController#new as HTML
  Rendered devise/shared/_links.html.erb (27.6ms)
  Rendered devise/sessions/new.html.erb within layouts/application (54.8ms)
Completed 200 OK in 151ms (Views: 149.4ms | ActiveRecord: 0.0ms)


Started GET "/" for ::1 at 2017-09-10 08:54:44 +0300
  [1m[36mActiveRecord::SchemaMigration Load (0.3ms)[0m  [1mSELECT "schema_migrations".* FROM "schema_migrations"[0m
Processing by HomeController#index as HTML
  Rendered home/index.html.erb within layouts/application (5.4ms)
Completed 200 OK in 847ms (Views: 822.7ms | ActiveRecord: 0.0ms)


Started GET "/assets/application.self-f8806224e027f3e3f0138ea9ce99319e298dfdb323304d1f1be6eae8e8c74724.js?body=1" for ::1 at 2017-09-10 08:54:45 +0300


Started GET "/assets/bootstrap.self-b38817c3e3a3049abb1fc08dd6ae448b23330f8453226efdb074710209474f75.js?body=1" for ::1 at 2017-09-10 08:54:45 +0300


Started GET "/users/sign_up" for ::1 at 2017-09-10 08:54:57 +0300
Processing by Devise::RegistrationsController#new as HTML
  Rendered devise/shared/_links.html.erb (11.6ms)
  Rendered devise/registrations/new.html.erb within layouts/application (71.9ms)
Completed 200 OK in 141ms (Views: 115.1ms | ActiveRecord: 0.4ms)


Started POST "/users" for ::1 at 2017-09-10 08:55:09 +0300
Processing by Devise::RegistrationsController#create as HTML
  Parameters: {"utf8"=>"✓", "authenticity_token"=>"yLM+ZHIY+Jne/FNiUSPr3kQ4xAnjp2OdCHYPRnPuFFqev8b3Fm1kKIjnEuMzr5WhHQvAjkcMXw2fRpQ6qGkUqQ==", "user"=>{"email"=>"saraesrig@gmail.com", "password"=>"[FILTERED]", "password_confirmation"=>"[FILTERED]"}, "commit"=>"Sign up"}
  [1m[35m (0.1ms)[0m  begin transaction
  [1m[36mUser Exists (0.6ms)[0m  [1mSELECT  1 AS one FROM "users" WHERE "users"."email" = 'saraesrig@gmail.com' LIMIT 1[0m
  [1m[35m (0.1ms)[0m  rollback transaction
  Rendered devise/shared/_links.html.erb (7.4ms)
  Rendered devise/registrations/new.html.erb within layouts/application (18.3ms)
Completed 200 OK in 288ms (Views: 55.1ms | ActiveRecord: 0.8ms)
  [1m[36mUser Load (1.0ms)[0m  [1mSELECT  "users".* FROM "users" WHERE "users"."email" = ? LIMIT 1[0m  [["email", "saraesrig@gmail.com"]]
  [1m[35mUser Load (0.4ms)[0m  SELECT  "users".* FROM "users" WHERE "users"."email" = ? LIMIT 1  [["email", "saraesrig@gmail.com"]]
  [1m[36mSQL (2.5ms)[0m  [1mDELETE FROM "users" WHERE "users"."id" = ?[0m  [["id", 3]]


Started GET "/users/sign_up" for ::1 at 2017-09-10 08:55:54 +0300
Processing by Devise::RegistrationsController#new as HTML
  Rendered devise/shared/_links.html.erb (11.6ms)
  Rendered devise/registrations/new.html.erb within layouts/application (16.9ms)
Completed 200 OK in 52ms (Views: 50.8ms | ActiveRecord: 0.0ms)


Started POST "/users" for ::1 at 2017-09-10 08:56:02 +0300
Processing by Devise::RegistrationsController#create as HTML
  Parameters: {"utf8"=>"✓", "authenticity_token"=>"qIohMNDaiDIrcLf16Rqc0VWd1c4Fy/7lep55Xc7jQ7n+htmjtK8Ug31r9nSLluKuDK7RSaFgwnXtruIhFWRDSg==", "user"=>{"email"=>"saraesrig@gmail.com", "password"=>"[FILTERED]", "password_confirmation"=>"[FILTERED]"}, "commit"=>"Sign up"}
  [1m[36m (0.2ms)[0m  [1mbegin transaction[0m
  [1m[35mUser Exists (0.3ms)[0m  SELECT  1 AS one FROM "users" WHERE "users"."email" = 'saraesrig@gmail.com' LIMIT 1
  [1m[36mSQL (0.6ms)[0m  [1mINSERT INTO "users" ("email", "encrypted_password", "created_at", "updated_at", "confirmation_token", "confirmation_sent_at") VALUES (?, ?, ?, ?, ?, ?)[0m  [["email", "saraesrig@gmail.com"], ["encrypted_password", "$2a$11$1ya1ulrXIG1BU0cZvioQvek2Knwd2Wi42/LNO0gIacatt7rg1THcW"], ["created_at", "2017-09-10 05:56:02.609288"], ["updated_at", "2017-09-10 05:56:02.609288"], ["confirmation_token", "K6VV6hKGjmxG9s_yzkxt"], ["confirmation_sent_at", "2017-09-10 05:56:02.609939"]]
  [1m[35m (0.7ms)[0m  commit transaction
  Rendered devise/mailer/confirmation_instructions.html.erb (6.4ms)

Devise::Mailer#confirmation_instructions: processed outbound mail in 297.0ms

Sent mail to saraesrig@gmail.com (1994.5ms)
Date: Sun, 10 Sep 2017 08:56:02 +0300
From: please-change-me-at-config-initializers-devise@example.com
Reply-To: please-change-me-at-config-initializers-devise@example.com
To: saraesrig@gmail.com
Message-ID: <59b4d3f2e5336_8d13fec6ca1869487689@Saras-MBP.mail>
Subject: Confirmation instructions
Mime-Version: 1.0
Content-Type: text/html;
 charset=UTF-8
Content-Transfer-Encoding: 7bit

<p>Welcome saraesrig@gmail.com!</p>

<p>You can confirm your account email through the link below:</p>

<p><a href="http://localhost:3000/users/confirmation?confirmation_token=K6VV6hKGjmxG9s_yzkxt">Confirm my account</a></p>

Redirected to http://localhost:3000/
Completed 302 Found in 2475ms (ActiveRecord: 1.8ms)


Started GET "/" for ::1 at 2017-09-10 08:56:04 +0300
Processing by HomeController#index as HTML
  Rendered home/index.html.erb within layouts/application (0.4ms)
Completed 200 OK in 35ms (Views: 34.1ms | ActiveRecord: 0.0ms)


Started GET "/users/confirmation?confirmation_token=K6VV6hKGjmxG9s_yzkxt" for ::1 at 2017-09-10 09:08:40 +0300
Processing by Devise::ConfirmationsController#show as HTML
  Parameters: {"confirmation_token"=>"K6VV6hKGjmxG9s_yzkxt"}
  [1m[36mUser Load (0.7ms)[0m  [1mSELECT  "users".* FROM "users" WHERE "users"."confirmation_token" = ?  ORDER BY "users"."id" ASC LIMIT 1[0m  [["confirmation_token", "K6VV6hKGjmxG9s_yzkxt"]]
  [1m[35m (0.1ms)[0m  begin transaction
  [1m[36mSQL (0.5ms)[0m  [1mUPDATE "users" SET "confirmed_at" = ?, "updated_at" = ? WHERE "users"."id" = ?[0m  [["confirmed_at", "2017-09-10 06:08:40.212483"], ["updated_at", "2017-09-10 06:08:40.213871"], ["id", 5]]
  [1m[35m (0.6ms)[0m  commit transaction
Redirected to http://localhost:3000/users/sign_in
Completed 302 Found in 29ms (ActiveRecord: 1.8ms)


Started GET "/users/sign_in" for ::1 at 2017-09-10 09:08:40 +0300
Processing by Devise::SessionsController#new as HTML
  Rendered devise/shared/_links.html.erb (9.8ms)
  Rendered devise/sessions/new.html.erb within layouts/application (23.2ms)
Completed 200 OK in 64ms (Views: 62.1ms | ActiveRecord: 0.0ms)


Started GET "/assets/application.self-cde094789b3667e2ab72c31e93e6ba9f95b7445a1f8fab2b08acb0f1d3b516dd.css?body=1" for ::1 at 2017-09-10 09:08:40 +0300


Started GET "/assets/jquery_ujs.self-784a997f6726036b1993eb2217c9cb558e1cbb801c6da88105588c56f13b466a.js?body=1" for ::1 at 2017-09-10 09:08:40 +0300


Started GET "/assets/application.self-f8806224e027f3e3f0138ea9ce99319e298dfdb323304d1f1be6eae8e8c74724.js?body=1" for ::1 at 2017-09-10 09:08:40 +0300


Started GET "/users/show" for ::1 at 2017-09-10 20:29:49 +0300
  [1m[36mActiveRecord::SchemaMigration Load (0.3ms)[0m  [1mSELECT "schema_migrations".* FROM "schema_migrations"[0m
Processing by UsersController#show as HTML
  [1m[35mUser Load (0.3ms)[0m  SELECT  "users".* FROM "users" WHERE "users"."id" = ? LIMIT 1  [["id", nil]]
Completed 404 Not Found in 34ms (ActiveRecord: 0.6ms)

ActiveRecord::RecordNotFound (Couldn't find User with 'id'=):
  app/controllers/users_controller.rb:3:in `show'


  Rendered /Users/saraesrig/.rvm/gems/ruby-2.2.0/gems/actionpack-4.2.5/lib/action_dispatch/middleware/templates/rescues/_source.erb (7.7ms)
  Rendered /Users/saraesrig/.rvm/gems/ruby-2.2.0/gems/actionpack-4.2.5/lib/action_dispatch/middleware/templates/rescues/_trace.html.erb (11.2ms)
  Rendered /Users/saraesrig/.rvm/gems/ruby-2.2.0/gems/actionpack-4.2.5/lib/action_dispatch/middleware/templates/rescues/_request_and_response.html.erb (1.0ms)
  Rendered /Users/saraesrig/.rvm/gems/ruby-2.2.0/gems/actionpack-4.2.5/lib/action_dispatch/middleware/templates/rescues/diagnostics.html.erb within rescues/layout (111.5ms)
  Rendered /Users/saraesrig/.rvm/gems/ruby-2.2.0/gems/web-console-2.3.0/lib/web_console/templates/_markup.html.erb (0.7ms)
  Rendered /Users/saraesrig/.rvm/gems/ruby-2.2.0/gems/web-console-2.3.0/lib/web_console/templates/_inner_console_markup.html.erb within layouts/inlined_string (1.4ms)
  Rendered /Users/saraesrig/.rvm/gems/ruby-2.2.0/gems/web-console-2.3.0/lib/web_console/templates/_prompt_box_markup.html.erb within layouts/inlined_string (0.5ms)
  Rendered /Users/saraesrig/.rvm/gems/ruby-2.2.0/gems/web-console-2.3.0/lib/web_console/templates/style.css.erb within layouts/inlined_string (1.7ms)
  Rendered /Users/saraesrig/.rvm/gems/ruby-2.2.0/gems/web-console-2.3.0/lib/web_console/templates/console.js.erb within layouts/javascript (114.1ms)
  Rendered /Users/saraesrig/.rvm/gems/ruby-2.2.0/gems/web-console-2.3.0/lib/web_console/templates/main.js.erb within layouts/javascript (0.4ms)
  Rendered /Users/saraesrig/.rvm/gems/ruby-2.2.0/gems/web-console-2.3.0/lib/web_console/templates/error_page.js.erb within layouts/javascript (0.4ms)
  Rendered /Users/saraesrig/.rvm/gems/ruby-2.2.0/gems/web-console-2.3.0/lib/web_console/templates/index.html.erb (240.2ms)


Started GET "/users/show" for ::1 at 2017-09-10 20:29:52 +0300
Processing by UsersController#show as HTML
  [1m[36mUser Load (0.1ms)[0m  [1mSELECT  "users".* FROM "users" WHERE "users"."id" = ? LIMIT 1[0m  [["id", nil]]
Completed 404 Not Found in 3ms (ActiveRecord: 0.1ms)

ActiveRecord::RecordNotFound (Couldn't find User with 'id'=):
  app/controllers/users_controller.rb:3:in `show'


  Rendered /Users/saraesrig/.rvm/gems/ruby-2.2.0/gems/actionpack-4.2.5/lib/action_dispatch/middleware/templates/rescues/_source.erb (5.1ms)
  Rendered /Users/saraesrig/.rvm/gems/ruby-2.2.0/gems/actionpack-4.2.5/lib/action_dispatch/middleware/templates/rescues/_trace.html.erb (2.1ms)
  Rendered /Users/saraesrig/.rvm/gems/ruby-2.2.0/gems/actionpack-4.2.5/lib/action_dispatch/middleware/templates/rescues/_request_and_response.html.erb (1.0ms)
  Rendered /Users/saraesrig/.rvm/gems/ruby-2.2.0/gems/actionpack-4.2.5/lib/action_dispatch/middleware/templates/rescues/diagnostics.html.erb within rescues/layout (75.8ms)
  Rendered /Users/saraesrig/.rvm/gems/ruby-2.2.0/gems/web-console-2.3.0/lib/web_console/templates/_markup.html.erb (0.5ms)
  Rendered /Users/saraesrig/.rvm/gems/ruby-2.2.0/gems/web-console-2.3.0/lib/web_console/templates/_inner_console_markup.html.erb within layouts/inlined_string (0.6ms)
  Rendered /Users/saraesrig/.rvm/gems/ruby-2.2.0/gems/web-console-2.3.0/lib/web_console/templates/_prompt_box_markup.html.erb within layouts/inlined_string (0.3ms)
  Rendered /Users/saraesrig/.rvm/gems/ruby-2.2.0/gems/web-console-2.3.0/lib/web_console/templates/style.css.erb within layouts/inlined_string (0.4ms)
  Rendered /Users/saraesrig/.rvm/gems/ruby-2.2.0/gems/web-console-2.3.0/lib/web_console/templates/console.js.erb within layouts/javascript (68.2ms)
  Rendered /Users/saraesrig/.rvm/gems/ruby-2.2.0/gems/web-console-2.3.0/lib/web_console/templates/main.js.erb within layouts/javascript (0.3ms)
  Rendered /Users/saraesrig/.rvm/gems/ruby-2.2.0/gems/web-console-2.3.0/lib/web_console/templates/error_page.js.erb within layouts/javascript (0.5ms)
  Rendered /Users/saraesrig/.rvm/gems/ruby-2.2.0/gems/web-console-2.3.0/lib/web_console/templates/index.html.erb (133.0ms)


Started GET "/users/show/6" for ::1 at 2017-09-10 21:05:02 +0300

ActionController::RoutingError (No route matches [GET] "/users/show/6"):
  actionpack (4.2.5) lib/action_dispatch/middleware/debug_exceptions.rb:21:in `call'
  web-console (2.3.0) lib/web_console/middleware.rb:28:in `block in call'
  web-console (2.3.0) lib/web_console/middleware.rb:18:in `catch'
  web-console (2.3.0) lib/web_console/middleware.rb:18:in `call'
  actionpack (4.2.5) lib/action_dispatch/middleware/show_exceptions.rb:30:in `call'
  railties (4.2.5) lib/rails/rack/logger.rb:38:in `call_app'
  railties (4.2.5) lib/rails/rack/logger.rb:20:in `block in call'
  activesupport (4.2.5) lib/active_support/tagged_logging.rb:68:in `block in tagged'
  activesupport (4.2.5) lib/active_support/tagged_logging.rb:26:in `tagged'
  activesupport (4.2.5) lib/active_support/tagged_logging.rb:68:in `tagged'
  railties (4.2.5) lib/rails/rack/logger.rb:20:in `call'
  actionpack (4.2.5) lib/action_dispatch/middleware/request_id.rb:21:in `call'
  rack (1.6.8) lib/rack/methodoverride.rb:22:in `call'
  rack (1.6.8) lib/rack/runtime.rb:18:in `call'
  activesupport (4.2.5) lib/active_support/cache/strategy/local_cache_middleware.rb:28:in `call'
  rack (1.6.8) lib/rack/lock.rb:17:in `call'
  actionpack (4.2.5) lib/action_dispatch/middleware/static.rb:116:in `call'
  rack (1.6.8) lib/rack/sendfile.rb:113:in `call'
  railties (4.2.5) lib/rails/engine.rb:518:in `call'
  railties (4.2.5) lib/rails/application.rb:165:in `call'
  rack (1.6.8) lib/rack/lock.rb:17:in `call'
  rack (1.6.8) lib/rack/content_length.rb:15:in `call'
  rack (1.6.8) lib/rack/handler/webrick.rb:88:in `service'
  /Users/saraesrig/.rvm/rubies/ruby-2.2.0/lib/ruby/2.2.0/webrick/httpserver.rb:138:in `service'
  /Users/saraesrig/.rvm/rubies/ruby-2.2.0/lib/ruby/2.2.0/webrick/httpserver.rb:94:in `run'
  /Users/saraesrig/.rvm/rubies/ruby-2.2.0/lib/ruby/2.2.0/webrick/server.rb:294:in `block in start_thread'


  Rendered /Users/saraesrig/.rvm/gems/ruby-2.2.0/gems/actionpack-4.2.5/lib/action_dispatch/middleware/templates/rescues/_trace.html.erb (4.2ms)
  Rendered /Users/saraesrig/.rvm/gems/ruby-2.2.0/gems/actionpack-4.2.5/lib/action_dispatch/middleware/templates/routes/_route.html.erb (3.0ms)
  Rendered /Users/saraesrig/.rvm/gems/ruby-2.2.0/gems/actionpack-4.2.5/lib/action_dispatch/middleware/templates/routes/_table.html.erb (45.8ms)
  Rendered /Users/saraesrig/.rvm/gems/ruby-2.2.0/gems/actionpack-4.2.5/lib/action_dispatch/middleware/templates/rescues/_request_and_response.html.erb (5.6ms)
  Rendered /Users/saraesrig/.rvm/gems/ruby-2.2.0/gems/actionpack-4.2.5/lib/action_dispatch/middleware/templates/rescues/routing_error.html.erb within rescues/layout (143.8ms)
  Rendered /Users/saraesrig/.rvm/gems/ruby-2.2.0/gems/web-console-2.3.0/lib/web_console/templates/_markup.html.erb (0.7ms)
  Rendered /Users/saraesrig/.rvm/gems/ruby-2.2.0/gems/web-console-2.3.0/lib/web_console/templates/_inner_console_markup.html.erb within layouts/inlined_string (0.6ms)
  Rendered /Users/saraesrig/.rvm/gems/ruby-2.2.0/gems/web-console-2.3.0/lib/web_console/templates/_prompt_box_markup.html.erb within layouts/inlined_string (0.8ms)
  Rendered /Users/saraesrig/.rvm/gems/ruby-2.2.0/gems/web-console-2.3.0/lib/web_console/templates/style.css.erb within layouts/inlined_string (0.8ms)
  Rendered /Users/saraesrig/.rvm/gems/ruby-2.2.0/gems/web-console-2.3.0/lib/web_console/templates/console.js.erb within layouts/javascript (55.5ms)
  Rendered /Users/saraesrig/.rvm/gems/ruby-2.2.0/gems/web-console-2.3.0/lib/web_console/templates/main.js.erb within layouts/javascript (0.6ms)
  Rendered /Users/saraesrig/.rvm/gems/ruby-2.2.0/gems/web-console-2.3.0/lib/web_console/templates/error_page.js.erb within layouts/javascript (1.0ms)
  Rendered /Users/saraesrig/.rvm/gems/ruby-2.2.0/gems/web-console-2.3.0/lib/web_console/templates/index.html.erb (116.2ms)


Started GET "/" for ::1 at 2017-09-11 07:48:02 +0300
Processing by HomeController#index as HTML
  [1m[35mUser Load (1.0ms)[0m  SELECT  "users".* FROM "users" WHERE "users"."id" = ?  ORDER BY "users"."id" ASC LIMIT 1  [["id", 5]]
  Rendered home/index.html.erb within layouts/application (46.5ms)
Completed 200 OK in 880ms (Views: 876.3ms | ActiveRecord: 1.0ms)


Started GET "/" for ::1 at 2017-09-11 07:48:03 +0300
Processing by HomeController#index as HTML
  [1m[36mUser Load (0.2ms)[0m  [1mSELECT  "users".* FROM "users" WHERE "users"."id" = ?  ORDER BY "users"."id" ASC LIMIT 1[0m  [["id", 5]]
  Rendered home/index.html.erb within layouts/application (2.9ms)
Completed 200 OK in 228ms (Views: 226.1ms | ActiveRecord: 0.2ms)


Started DELETE "/users/sign_out" for ::1 at 2017-09-11 07:48:06 +0300
Processing by Devise::SessionsController#destroy as HTML
  Parameters: {"authenticity_token"=>"RMzoIEE5hmGV2SpyQK4+YsnIRE0Qb9byd32RCoWEIdXep0+H8/nfoRabEvIba6dzXiLN26w1SomoJ/syHBLhyg=="}
  [1m[35mUser Load (0.2ms)[0m  SELECT  "users".* FROM "users" WHERE "users"."id" = ?  ORDER BY "users"."id" ASC LIMIT 1  [["id", 5]]
  [1m[36m (0.1ms)[0m  [1mbegin transaction[0m
  [1m[35m (0.1ms)[0m  commit transaction
Redirected to http://localhost:3000/
Completed 302 Found in 15ms (ActiveRecord: 0.3ms)


Started GET "/" for ::1 at 2017-09-11 07:48:06 +0300
Processing by HomeController#index as HTML
  Rendered home/index.html.erb within layouts/application (3.7ms)
Completed 200 OK in 35ms (Views: 33.7ms | ActiveRecord: 0.0ms)


Started GET "/users/sign_in" for ::1 at 2017-09-11 07:48:12 +0300
Processing by Devise::SessionsController#new as HTML
  Rendered devise/shared/_links.html.erb (11.8ms)
  Rendered devise/sessions/new.html.erb within layouts/application (33.7ms)
Completed 200 OK in 80ms (Views: 77.3ms | ActiveRecord: 0.0ms)


Started POST "/users/sign_in" for ::1 at 2017-09-11 07:48:25 +0300
Processing by Devise::SessionsController#create as HTML
  Parameters: {"utf8"=>"✓", "authenticity_token"=>"kvrOpM+EqFMJPT28k8Xpz3UJTjoMvcK3crprCnhtG5L57CqmHiXVcCd4zR7xmgObyrYFHSsPEb+KE1qLrqRvag==", "user"=>{"email"=>"saraesrig@gmail.com", "password"=>"[FILTERED]", "remember_me"=>"0"}, "commit"=>"Log in"}
  [1m[36mUser Load (0.3ms)[0m  [1mSELECT  "users".* FROM "users" WHERE "users"."email" = ?  ORDER BY "users"."id" ASC LIMIT 1[0m  [["email", "saraesrig@gmail.com"]]
  [1m[35m (0.1ms)[0m  begin transaction
  [1m[36mSQL (0.5ms)[0m  [1mUPDATE "users" SET "last_sign_in_at" = ?, "current_sign_in_at" = ?, "sign_in_count" = ?, "updated_at" = ? WHERE "users"."id" = ?[0m  [["last_sign_in_at", "2017-09-10 08:33:04.564175"], ["current_sign_in_at", "2017-09-11 04:48:25.898475"], ["sign_in_count", 3], ["updated_at", "2017-09-11 04:48:25.899659"], ["id", 5]]
  [1m[35m (1.2ms)[0m  commit transaction
Redirected to http://localhost:3000/
Completed 302 Found in 176ms (ActiveRecord: 2.2ms)


Started GET "/" for ::1 at 2017-09-11 07:48:25 +0300
Processing by HomeController#index as HTML
  [1m[36mUser Load (0.1ms)[0m  [1mSELECT  "users".* FROM "users" WHERE "users"."id" = ?  ORDER BY "users"."id" ASC LIMIT 1[0m  [["id", 5]]
  Rendered home/index.html.erb within layouts/application (1.0ms)
Completed 200 OK in 27ms (Views: 26.0ms | ActiveRecord: 0.1ms)


Started GET "/users/show" for ::1 at 2017-09-11 07:48:28 +0300
Processing by UsersController#show as HTML
  [1m[35mUser Load (1.9ms)[0m  SELECT  "users".* FROM "users" WHERE "users"."id" = ? LIMIT 1  [["id", nil]]
Completed 404 Not Found in 8ms (ActiveRecord: 1.9ms)

ActiveRecord::RecordNotFound (Couldn't find User with 'id'=):
  app/controllers/users_controller.rb:3:in `show'


  Rendered /Users/saraesrig/.rvm/gems/ruby-2.2.0/gems/actionpack-4.2.5/lib/action_dispatch/middleware/templates/rescues/_source.erb (4.6ms)
  Rendered /Users/saraesrig/.rvm/gems/ruby-2.2.0/gems/actionpack-4.2.5/lib/action_dispatch/middleware/templates/rescues/_trace.html.erb (2.3ms)
  Rendered /Users/saraesrig/.rvm/gems/ruby-2.2.0/gems/actionpack-4.2.5/lib/action_dispatch/middleware/templates/rescues/_request_and_response.html.erb (1.1ms)
  Rendered /Users/saraesrig/.rvm/gems/ruby-2.2.0/gems/actionpack-4.2.5/lib/action_dispatch/middleware/templates/rescues/diagnostics.html.erb within rescues/layout (51.4ms)
  Rendered /Users/saraesrig/.rvm/gems/ruby-2.2.0/gems/web-console-2.3.0/lib/web_console/templates/_markup.html.erb (0.6ms)
  Rendered /Users/saraesrig/.rvm/gems/ruby-2.2.0/gems/web-console-2.3.0/lib/web_console/templates/_inner_console_markup.html.erb within layouts/inlined_string (0.3ms)
  Rendered /Users/saraesrig/.rvm/gems/ruby-2.2.0/gems/web-console-2.3.0/lib/web_console/templates/_prompt_box_markup.html.erb within layouts/inlined_string (0.4ms)
  Rendered /Users/saraesrig/.rvm/gems/ruby-2.2.0/gems/web-console-2.3.0/lib/web_console/templates/style.css.erb within layouts/inlined_string (0.4ms)
  Rendered /Users/saraesrig/.rvm/gems/ruby-2.2.0/gems/web-console-2.3.0/lib/web_console/templates/console.js.erb within layouts/javascript (43.5ms)
  Rendered /Users/saraesrig/.rvm/gems/ruby-2.2.0/gems/web-console-2.3.0/lib/web_console/templates/main.js.erb within layouts/javascript (0.3ms)
  Rendered /Users/saraesrig/.rvm/gems/ruby-2.2.0/gems/web-console-2.3.0/lib/web_console/templates/error_page.js.erb within layouts/javascript (0.4ms)
  Rendered /Users/saraesrig/.rvm/gems/ruby-2.2.0/gems/web-console-2.3.0/lib/web_console/templates/index.html.erb (96.7ms)
  [1m[36mActiveRecord::SchemaMigration Load (0.5ms)[0m  [1mSELECT "schema_migrations".* FROM "schema_migrations"[0m
Migrating to CreateItems (20170911074412)
  [1m[35m (0.1ms)[0m  begin transaction
  [1m[36m (0.5ms)[0m  [1mCREATE TABLE "items" ("id" INTEGER PRIMARY KEY AUTOINCREMENT NOT NULL, "name" varchar, "user_id" integer, "created_at" datetime NOT NULL, "updated_at" datetime NOT NULL) [0m
  [1m[35m (0.1ms)[0m  select sqlite_version(*)
  [1m[36m (0.1ms)[0m  [1mCREATE  INDEX "index_items_on_user_id" ON "items" ("user_id")[0m
  [1m[35mSQL (0.3ms)[0m  INSERT INTO "schema_migrations" ("version") VALUES (?)  [["version", "20170911074412"]]
  [1m[36m (0.8ms)[0m  [1mcommit transaction[0m
  [1m[35mActiveRecord::SchemaMigration Load (0.1ms)[0m  SELECT "schema_migrations".* FROM "schema_migrations"
  [1m[36m (0.1ms)[0m  [1m            SELECT sql
            FROM sqlite_master
            WHERE name='index_items_on_user_id' AND type='index'
            UNION ALL
            SELECT sql
            FROM sqlite_temp_master
            WHERE name='index_items_on_user_id' AND type='index'
[0m
  [1m[35m (0.1ms)[0m              SELECT sql
            FROM sqlite_master
            WHERE name='index_users_on_confirmation_token' AND type='index'
            UNION ALL
            SELECT sql
            FROM sqlite_temp_master
            WHERE name='index_users_on_confirmation_token' AND type='index'

  [1m[36m (0.1ms)[0m  [1m            SELECT sql
            FROM sqlite_master
            WHERE name='index_users_on_reset_password_token' AND type='index'
            UNION ALL
            SELECT sql
            FROM sqlite_temp_master
            WHERE name='index_users_on_reset_password_token' AND type='index'
[0m
  [1m[35m (0.1ms)[0m              SELECT sql
            FROM sqlite_master
            WHERE name='index_users_on_email' AND type='index'
            UNION ALL
            SELECT sql
            FROM sqlite_temp_master
            WHERE name='index_users_on_email' AND type='index'

